
========================================================================
Phase A.1 -- recurrence and OGF ODE derivation
========================================================================
Inhomogeneous operator L f - 1 =
    -3*z**3*Derivative(f(z), (z, 2)) - z**2*f(z) - 10*z**2*Derivative(f(z), z) - 5*z*f(z) + f(z)  ==  1
Homogeneous L_h f = 0:
    -3*z**3*Derivative(f(z), (z, 2)) - 10*z**2*Derivative(f(z), z) + (-z**2 - 5*z + 1)*f(z) = 0
  coeff f''  =  -3*z**3
  coeff f'   =  -10*z**2
  coeff f    =  -z**2 - 5*z + 1
  --> matches  3 z^3 f'' + 10 z^2 f' + (5 z + z^2 - 1) f = 0  (homog)

========================================================================
Phase A.2 -- Newton polygon at z = 0
========================================================================
Lattice points (k, ord_z): [(0, 0), (1, 2), (2, 3)]
Newton-polygon points (k, q_k - k): [(0, 0), (1, 1), (2, 1)]
Single slope edge: (0,0) -> (2,1), slope = 1/2

========================================================================
Phase A.3 -- characteristic equation under z = u^2
========================================================================
L_h[exp(c/u) u^rho] / [exp(c/u) u^rho] (Taylor in u):
    -3*c**2/4 + 3*c*rho*u/2 + 11*c*u/4 - 3*rho**2*u**2/4 - 7*rho*u**2/2 - u**4 - 5*u**2 + 1
u^0 coefficient: 1 - 3*c**2/4 = 0
  --> c = [-2*sqrt(3)/3, 2*sqrt(3)/3]     (expect +- 2/sqrt(3))
u^1 coefficient (with c = 2/sqrt(3)): sqrt(3)*(rho + 11/6) = 0
  --> rho = [-11/6]    (expect -11/6)

========================================================================
Phase A.4 -- summary
========================================================================
V_quad scalar ODE (homogeneous):
    3 z^3 f''(z) + 10 z^2 f'(z) + (5 z + z^2 - 1) f(z) = 0
Inhomogeneous OGF equation:
    L f = 1  with  L = 1 - z[3(theta+1)^2 + (theta+1) + 1] - z^2,
    theta = z d/dz,  Q_0 = 1.
Newton polygon at z=0: single edge slope 1/2 (rank-1/2 irregular sing.).
Characteristic exponent: c = +- 2/sqrt(3)  =  +- 1.15470053837925152901...
Secondary exponent: rho = -11/6 = -1.833...  (rational).
Borel singular distance: zeta_* = 2 c0 = 4/sqrt(3) = 2.30940107675850305...
