========================================================================
Q20  Phase A.2  symbolic re-derivation
========================================================================

[ General d >= 2 ]
Edge:        (0,0) -- (1,d)  (slope 1/d after z = u^d)
chi_d(c)   = 1 + (-1)^(d+1) * (beta_d/d^d) * c^d
c^d        = (-1)^d * d^d / beta_d
|c|        = d / beta_d^{1/d}
xi_0(b)    = d / beta_d^{1/d}    [direct algebraic identity]
verdict signal:  A_DIRECT_IDENTITY

[ d = 2 ]
  edge         = [(0, 0), (1, 2)]
  chi_2(c)    = -beta_2*c**2/4 + 1
  c solutions  = [-2*sqrt(1/beta_2), 2*sqrt(1/beta_2)]
  expected xi0 = 2/sqrt(beta_2)

[ d = 3 ]
  edge         = [(0, 0), (1, 3)]
  chi_3(c)    = beta_3*c**3/27 + 1
  c solutions  = [3*(-1/beta_3)**(1/3), -3*(-1/beta_3)**(1/3)/2 - 3*sqrt(3)*I*(-1/beta_3)**(1/3)/2, -3*(-1/beta_3)**(1/3)/2 + 3*sqrt(3)*I*(-1/beta_3)**(1/3)/2]
  expected xi0 = 3/beta_3**(1/3)

[ d = 4 ]
  edge         = [(0, 0), (1, 4)]
  chi_4(c)    = -beta_4*c**4/256 + 1
  c solutions  = [-4*I*(1/beta_4)**(1/4), 4*I*(1/beta_4)**(1/4), -4*(1/beta_4)**(1/4), 4*(1/beta_4)**(1/4)]
  expected xi0 = 4/beta_4**(1/4)

========================================================================
Phase A.3 ΓÇö sanity checks at d in {2, 3, 4}
========================================================================

 d=2, beta_d=3:
   max |root|:     1.154700538379251529018297561
   expected:       1.154700538379251529018297561
   abs_error:      0.0
   rel_error:      0.000e+00
   match (<1e-15): True

 d=3, beta_d=1:
   max |root|:     3.0
   expected:       3.0
   abs_error:      0.0
   rel_error:      0.000e+00
   match (<1e-15): True

 d=4, beta_d=1:
   max |root|:     4.0
   expected:       4.0
   abs_error:      0.0
   rel_error:      0.000e+00
   match (<1e-15): True

All three sanity checks PASS at <1e-15 (mpmath dps=50).
Numerical cross-check at d=2 (beta_2=3): xi_0 = 2/sqrt(3) ~ 1.1547005383792515
Numerical cross-check at d=3 (beta_3=1): xi_0 = 3
Numerical cross-check at d=4 (beta_4=1): xi_0 = 4

Verdict: A_DIRECT_IDENTITY (uniform in d, no case split)
