|h_k|^(1/k) sequence (potential geometric inverse-radius):
  k= 1: |h_k|^(1/k) = 111658934209.32, log|h_k|/k = 25.438714831819
  k= 2: |h_k|^(1/k) = 2072864.5795845, log|h_k|/k = 14.544442063469
  k= 3: |h_k|^(1/k) = 26968.696388911, log|h_k|/k = 10.202432079367
  k= 4: |h_k|^(1/k) = 11753.972535813, log|h_k|/k = 9.3719465505877
  k= 5: |h_k|^(1/k) = 4653.6075179197, log|h_k|/k = 8.4453980081015
  k= 6: |h_k|^(1/k) = 2307.5130958039, log|h_k|/k = 7.7439256416822
  k= 7: |h_k|^(1/k) = 1335.630166688, log|h_k|/k = 7.1971584944332
  k= 8: |h_k|^(1/k) = 857.3536280868, log|h_k|/k = 6.7538504683612
  k= 9: |h_k|^(1/k) = 591.08288428418, log|h_k|/k = 6.3819562517085
  k=10: |h_k|^(1/k) = 428.76795656095, log|h_k|/k = 6.0609158787949
  k=11: |h_k|^(1/k) = 322.76584010628, log|h_k|/k = 5.7769271070857
  k=12: |h_k|^(1/k) = 249.69809726213, log|h_k|/k = 5.5202525771611
  k=13: |h_k|^(1/k) = 197.08322789093, log|h_k|/k = 5.2836261161236
  k=14: |h_k|^(1/k) = 157.78332655204, log|h_k|/k = 5.0612227409283
  k=15: |h_k|^(1/k) = 127.4676332444, log|h_k|/k = 4.8478624754647
  k=16: |h_k|^(1/k) = 103.35106249838, log|h_k|/k = 4.6381315666592
  k=17: |h_k|^(1/k) = 83.489711264477, log|h_k|/k = 4.4247234058753
  k=18: |h_k|^(1/k) = 66.187365776652, log|h_k|/k = 4.1924895954336

ratio h_{k+1}/h_k:
  k= 1: r_k = -38.481180173553
  k= 2: r_k = -4.5649707709343
  k= 3: r_k = 973.10302870179
  k= 4: r_k = -114.343129794
  k= 5: r_k = -69.169762537966
  k= 6: r_k = -50.227144665242
  k= 7: r_k = -38.5013877407
  k= 8: r_k = -30.168626249857
  k= 9: r_k = -23.844474720044
  k=10: r_k = -18.859926687329
  k=11: r_k = -14.832678418847
  k=12: r_k = -11.520275658529
  k=13: r_k = -8.7580989222602
  k=14: r_k = -6.4289984172775
  k=15: r_k = -4.4467252863799
  k=16: r_k = -2.7461305094617
  k=17: r_k = -1.2770015845982

ratio (h_{k+1}/h_k) / (k):  -- if Gevrey-1, this -> 1/xi_0
  k= 1: r_k/k = -38.481180173553
  k= 2: r_k/k = -2.2824853854671
  k= 3: r_k/k = 324.36767623393
  k= 4: r_k/k = -28.5857824485
  k= 5: r_k/k = -13.833952507593
  k= 6: r_k/k = -8.3711907775403
  k= 7: r_k/k = -5.5001982486714
  k= 8: r_k/k = -3.7710782812322
  k= 9: r_k/k = -2.6493860800049
  k=10: r_k/k = -1.8859926687329
  k=11: r_k/k = -1.3484253108043
  k=12: r_k/k = -0.96002297154408
  k=13: r_k/k = -0.67369991709694
  k=14: r_k/k = -0.45921417266268
  k=15: r_k/k = -0.29644835242532
  k=16: r_k/k = -0.17163315684136
  k=17: r_k/k = -0.075117740270482

2/sqrt(3) = 1.1547005383793
sqrt(3)/2 = 0.86602540378444
alpha (V_quad WKB) = 11869042.657332
4 - 2 log 3 = 1.8027754226638
