
==============================================================================
[QL15] depth=240 dps=4000 K=22 window=[14,200]
==============================================================================
  WKB A obs   = 3.0
  WKB alpha obs  = 0.802775422663780617
  WKB alpha pred = 0.802775422663780617
  digits match alpha = 29.789
  Domb-Sykes xi_0 = -13.3758839525932816
  Domb-Sykes beta = 23.357643665751156
  |h_k|^(1/k) (first 12):
    k= 1: 0.97222222222222
    k= 2: 0.84254171600573
    k= 3: 0.8515022253054
    k= 4: 0.76620438923275
    k= 5: 0.61740036480478
    k= 6: 0.64916023539156
    k= 7: 0.90321819942495
    k= 8: 1.1226883280948
    k= 9: 1.2263946052958
    k=10: 1.2769748677079
    k=11: 1.2910448037076
    k=12: 1.2925790371769
  Painleve-flip check: no candidate at >= 15 digits

==============================================================================
[QL26] depth=240 dps=4000 K=22 window=[14,200]
==============================================================================
  WKB A obs   = 3.0
  WKB alpha obs  = 1.32602356642832845
  WKB alpha pred = 1.32602356642832845
  digits match alpha = 28.858
  Domb-Sykes xi_0 = -3.33667663969247096
  Domb-Sykes beta = 0.5835826125052364
  |h_k|^(1/k) (first 12):
    k= 1: 0.055555555555556
    k= 2: 0.72701401823902
    k= 3: 0.85344880601831
    k= 4: 1.028903560934
    k= 5: 1.1105417051398
    k= 6: 1.1263652975199
    k= 7: 1.0533005586248
    k= 8: 1.0800137853486
    k= 9: 1.3461018842694
    k=10: 1.4790676583105
    k=11: 1.56816049182
    k=12: 1.6254570147652
  Painleve-flip check: no candidate at >= 15 digits

==============================================================================
Phase 5 complete.  Neither QL15 nor QL26 detects a P-III(D6) signature at >= 15 digits in the BoT-extracted h_k channel.  K-SCAN Variant-A 'BOTH ARTEFACT' verdict STANDS.
Total elapsed: 56.7s
