=== vquad_run.log ===

==============================================================================
[T1] depth=240 dps=4000 K=22 window=[14,200]
==============================================================================
  WKB A      = 4.0
  WKB alpha  = 1.80277542266378062
  Domb-Sykes (k window 3..12):
    xi_0 extracted   = -1.98363405946895196
    xi_0 literature  = 1.15470053837925153
    digits match xi_0  = -0.497
    beta extracted   = -4.0637512032683622
    beta literature  = -0.192450089729875255
    digits match beta = -0.588
  |h_k|^(1/k) sequence (Gevrey diagnostic, first 12):
    k= 1: 2.4444444444444
    k= 2: 0.85706936780786
    k= 3: 0.43714943502376
    k= 4: 0.8629400490503
    k= 5: 1.1251605027609
    k= 6: 1.3009104407997
    k= 7: 1.4347235268981
    k= 8: 1.5402656689263
    k= 9: 1.6221934280433
    k=10: 1.6826306168054
    k=11: 1.7223319510969
    k=12: 1.7393525890345

==============================================================================
[T2] depth=360 dps=6000 K=32 window=[16,300]
==============================================================================
  WKB A      = 4.0
  WKB alpha  = 1.80277542266378062
  Domb-Sykes (k window 3..12):
    xi_0 extracted   = -1.98363557522224475
    xi_0 literature  = 1.15470053837925153
    digits match xi_0  = -0.497
    beta extracted   = -4.06375025620218232
    beta literature  = -0.192450089729875255
    digits match beta = -0.588
  |h_k|^(1/k) sequence (Gevrey diagnostic, first 12):
    k= 1: 2.4444444444444
    k= 2: 0.85706936780786
    k= 3: 0.43714943502376
    k= 4: 0.8629400490503
    k= 5: 1.1251605027609
    k= 6: 1.3009104407997
    k= 7: 1.4347235268979
    k= 8: 1.5402656689217
    k= 9: 1.622193427949
    k=10: 1.6826306150914
    k=11: 1.7223319229081
    k=12: 1.7393521523731

HALT: True
Best xi_0 digits match: -0.497
Wrote results_vquad.json

=== ql15_ql26_run.log ===

==============================================================================
[QL15] depth=240 dps=4000 K=22 window=[14,200]
==============================================================================
  WKB A obs   = 3.0
  WKB alpha obs  = 0.802775422663780617
  WKB alpha pred = 0.802775422663780617
  digits match alpha = 29.789
  Domb-Sykes xi_0 = -13.3758839525932816
  Domb-Sykes beta = 23.357643665751156
  |h_k|^(1/k) (first 12):
    k= 1: 0.97222222222222
    k= 2: 0.84254171600573
    k= 3: 0.8515022253054
    k= 4: 0.76620438923275
    k= 5: 0.61740036480478
    k= 6: 0.64916023539156
    k= 7: 0.90321819942495
    k= 8: 1.1226883280948
    k= 9: 1.2263946052958
    k=10: 1.2769748677079
    k=11: 1.2910448037076
    k=12: 1.2925790371769
  Painleve-flip check: no candidate at >= 15 digits

==============================================================================
[QL26] depth=240 dps=4000 K=22 window=[14,200]
==============================================================================
  WKB A obs   = 3.0
  WKB alpha obs  = 1.32602356642832845
  WKB alpha pred = 1.32602356642832845
  digits match alpha = 28.858
  Domb-Sykes xi_0 = -3.33667663969247096
  Domb-Sykes beta = 0.5835826125052364
  |h_k|^(1/k) (first 12):
    k= 1: 0.055555555555556
    k= 2: 0.72701401823902
    k= 3: 0.85344880601831
    k= 4: 1.028903560934
    k= 5: 1.1105417051398
    k= 6: 1.1263652975199
    k= 7: 1.0533005586248
    k= 8: 1.0800137853486
    k= 9: 1.3461018842694
    k=10: 1.4790676583105
    k=11: 1.56816049182
    k=12: 1.6254570147652
  Painleve-flip check: no candidate at >= 15 digits

==============================================================================
Phase 5 complete.  Neither QL15 nor QL26 detects a P-III(D6) signature at >= 15 digits in the BoT-extracted h_k channel.  K-SCAN Variant-A 'BOTH ARTEFACT' verdict STANDS.
Total elapsed: 56.7s

=== probe_others.log ===

[QL01]
  alpha digits = 24.566; ratio digits to -1/6 = -0.456; flip = False
Wrote results_ql01.json

[QL02]
  alpha digits = 23.900; ratio digits to -1/6 = -0.373; flip = False
Wrote results_ql02.json

[QL06]
  alpha digits = 28.434; ratio digits to -1/6 = -0.061; flip = False
Wrote results_ql06.json

Total elapsed: 88.6s
