
==============================================================================
[T1] depth=240 dps=4000 K=22 window=[14,200]
==============================================================================
  WKB A      = 4.0
  WKB alpha  = 1.80277542266378062
  Domb-Sykes (k window 3..12):
    xi_0 extracted   = -1.98363405946895196
    xi_0 literature  = 1.15470053837925153
    digits match xi_0  = -0.497
    beta extracted   = -4.0637512032683622
    beta literature  = -0.192450089729875255
    digits match beta = -0.588
  |h_k|^(1/k) sequence (Gevrey diagnostic, first 12):
    k= 1: 2.4444444444444
    k= 2: 0.85706936780786
    k= 3: 0.43714943502376
    k= 4: 0.8629400490503
    k= 5: 1.1251605027609
    k= 6: 1.3009104407997
    k= 7: 1.4347235268981
    k= 8: 1.5402656689263
    k= 9: 1.6221934280433
    k=10: 1.6826306168054
    k=11: 1.7223319510969
    k=12: 1.7393525890345

==============================================================================
[T2] depth=360 dps=6000 K=32 window=[16,300]
==============================================================================
  WKB A      = 4.0
  WKB alpha  = 1.80277542266378062
  Domb-Sykes (k window 3..12):
    xi_0 extracted   = -1.98363557522224475
    xi_0 literature  = 1.15470053837925153
    digits match xi_0  = -0.497
    beta extracted   = -4.06375025620218232
    beta literature  = -0.192450089729875255
    digits match beta = -0.588
  |h_k|^(1/k) sequence (Gevrey diagnostic, first 12):
    k= 1: 2.4444444444444
    k= 2: 0.85706936780786
    k= 3: 0.43714943502376
    k= 4: 0.8629400490503
    k= 5: 1.1251605027609
    k= 6: 1.3009104407997
    k= 7: 1.4347235268979
    k= 8: 1.5402656689217
    k= 9: 1.622193427949
    k=10: 1.6826306150914
    k=11: 1.7223319229081
    k=12: 1.7393521523731

HALT: True
Best xi_0 digits match: -0.497
Wrote results_vquad.json
