== T37K-EXTEND-A3-SUBFAMILY ==
DPS=300 (work 350), N_MAX=2000

[Phase A] selecting third A=3 rep...
  -> selected: alpha=2 beta=0 gamma=2 delta=0 eps=1
     Delta_b=-16, A=3, |sum|=5

[Phase B.1] deriving a_n recurrence (dps=300, N=2000)...
  -> a[1] = 1.5026019100214134894
  -> a[2000] ~ 10^4831
  -> elapsed 0.3s; c=1.4142135623730950488, zeta_star=2.8284271247461900976

[Phase B.2/B.3] T_n cache + 9-config two-stage fit...
  -> a_1 median = -4.25
     half_range = 3.78087e-51

[Phase C] relation test...
  predicted_a_1 = (4*-16-9)/36 = -2.02777777777777777777777777778
  measured a_1  = -4.25
  residual      = -2.22222222222222222222222222222

[Phase C.4/C.5] PSLQ on 12-atom basis...
  PSLQ tol=1e-30 (12-atom): [1, 0, -1, 0, 0, 0, 0, 0, 0, 0, -36, 0]  a_1_coef_zero=True
  PSLQ tol=1e-12 (12-atom): [1, 0, -1, 0, 0, 0, 0, 0, 0, 0, -36, 0]  a_1_coef_zero=True
  PSLQ tol=1e-30 (2-atom [1,a_1]): [17, 4]  a_1 = -17/4

[Phase D] outcome = T37K_RELATION_FALSIFIED

DONE. Outcome = T37K_RELATION_FALSIFIED. 15 AEAL claims written.
