# Phase B: branch exponent fit (V_quad, N=5000, dps=250)
# zeta_star = 2.3094010767585030580365951220078298225904070050805

## window N_lo=2997 N_hi=4995
[B1] window=[2997,4995) raw beta_n samples (last 5): ['0.000294975457419', '0.000294916367761', '0.000294857301773', '0.000294798259439', '0.000294739240745']
[B2] window=[2997,4995) raw beta_n samples (last 5): ['0.000589951064313', '0.000589832884908', '0.00058971475284', '0.000589596668083', '0.000589478630606']
[B3] window=[2997,4995) raw beta_n samples (last 5): ['0.000589951064313', '0.000589832884908', '0.00058971475284', '0.000589596668083', '0.000589478630606']
  beta_M1 (ratio)        = 2.188032851728992660832912603839188755157e-108
  beta_M2 (3-pt)         = 1.465252395647438891366319031590056799014e-107
  beta_M3 (Delta^2 log)  = 1.465252395647438891369228450725364520647e-107
  digit agreement M1-M2  = 106.90
  digit agreement M1-M3  = 106.90
  digit agreement M2-M3  = 127.54

## window N_lo=3496 N_hi=4995
[B1] window=[3496,4995) raw beta_n samples (last 5): ['0.000294975457419', '0.000294916367761', '0.000294857301773', '0.000294798259439', '0.000294739240745']
[B2] window=[3496,4995) raw beta_n samples (last 5): ['0.000589951064313', '0.000589832884908', '0.00058971475284', '0.000589596668083', '0.000589478630606']
[B3] window=[3496,4995) raw beta_n samples (last 5): ['0.000589951064313', '0.000589832884908', '0.00058971475284', '0.000589596668083', '0.000589478630606']
  beta_M1 (ratio)        = 2.188032851728992660832912603839188755157e-108
  beta_M2 (3-pt)         = 1.465252395647438891366319031590056799014e-107
  beta_M3 (Delta^2 log)  = 1.465252395647438891369228450725364520647e-107
  digit agreement M1-M2  = 106.90
  digit agreement M1-M3  = 106.90
  digit agreement M2-M3  = 127.54

## window N_lo=3996 N_hi=4995
[B1] window=[3996,4995) raw beta_n samples (last 5): ['0.000294975457419', '0.000294916367761', '0.000294857301773', '0.000294798259439', '0.000294739240745']
[B2] window=[3996,4995) raw beta_n samples (last 5): ['0.000589951064313', '0.000589832884908', '0.00058971475284', '0.000589596668083', '0.000589478630606']
[B3] window=[3996,4995) raw beta_n samples (last 5): ['0.000589951064313', '0.000589832884908', '0.00058971475284', '0.000589596668083', '0.000589478630606']
  beta_M1 (ratio)        = 2.188032851728992660832912603839188755157e-108
  beta_M2 (3-pt)         = 1.465252395647438891366319031590056799014e-107
  beta_M3 (Delta^2 log)  = 1.465252395647438891369228450725364520647e-107
  digit agreement M1-M2  = 106.90
  digit agreement M1-M3  = 106.90
  digit agreement M2-M3  = 127.54

## window N_lo=4495 N_hi=4995
[B1] window=[4495,4995) raw beta_n samples (last 5): ['0.000294975457419', '0.000294916367761', '0.000294857301773', '0.000294798259439', '0.000294739240745']
[B2] window=[4495,4995) raw beta_n samples (last 5): ['0.000589951064313', '0.000589832884908', '0.00058971475284', '0.000589596668083', '0.000589478630606']
[B3] window=[4495,4995) raw beta_n samples (last 5): ['0.000589951064313', '0.000589832884908', '0.00058971475284', '0.000589596668083', '0.000589478630606']
  beta_M1 (ratio)        = 2.188032851728992660832912603839188755157e-108
  beta_M2 (3-pt)         = 1.465252395647438891366319031590056799014e-107
  beta_M3 (Delta^2 log)  = 1.465252395647438891369228450725364520647e-107
  digit agreement M1-M2  = 106.90
  digit agreement M1-M3  = 106.90
  digit agreement M2-M3  = 127.54

# Adopted beta (window 4495, M1) = 2.1880328517289926608329126038391887551566342019667e-108
# Min cross-method agreement (window 4495) = 106.90 digits
