# Phase D: local Borel singular-germ cross-check
# beta = 2.1880328517289926608329126038391887551566342019667e-108
[D] LSQ window=[2997,4995) order=40 C=8.1273367954950723671125787320235831822645427223388
    e_1 = -11.96524583781218987380463
    e_2 = 8.807750408389528657106186
    e_3 = -20.65120348693852326992246
  window 2997: C_cross ~= 8.1273367954950723671125787320235831822645427223388
[D] LSQ window=[3496,4995) order=40 C=8.1273367954950723671125787320235831822645427223388
    e_1 = -11.96524583781218987380463
    e_2 = 8.807750408389528657106186
    e_3 = -20.65120348693852326992246
  window 3496: C_cross ~= 8.1273367954950723671125787320235831822645427223388
[D] LSQ window=[3996,4995) order=40 C=8.1273367954950723671125787320235831822645427223388
    e_1 = -11.96524583781218987380463
    e_2 = 8.807750408389528657106186
    e_3 = -20.65120348693852326992246
  window 3996: C_cross ~= 8.1273367954950723671125787320235831822645427223388
[D] LSQ window=[4495,4995) order=40 C=8.1273367954950723671125787320235831822645427223388
    e_1 = -11.96524583781218987380463
    e_2 = 8.807750408389528657106186
    e_3 = -20.65120348693852326992246
  window 4495: C_cross ~= 8.1273367954950723671125787320235831822645427223388
# Phase-C vs Phase-D (window 4495): 108.39 digits
