{
  "task_id": "PCF2-SESSION-R1.3",
  "phase": "E",
  "phase_AB": {
    "A_pass": true,
    "rho_d3": {
      "residual_mean": -0.20340123827272336,
      "residual_at_max_n": 0.5486730270816369,
      "delta_R13_free": -0.5682719235138999
    },
    "rho_d4": {
      "residual_mean": -0.0401800600820543,
      "residual_at_max_n": -0.0729091414281745,
      "delta_R13_free": 0.07318699638788553
    },
    "p_bonf_d3": {
      "residual_at_max_n": 0.00011101682485797246,
      "delta_R13_free": 5.013216259808511e-05
    },
    "p_bonf_d4": {
      "residual_at_max_n": 1.0,
      "delta_R13_free": 1.0
    },
    "B_strong_neg": false,
    "B_null": true,
    "B_intermediate": false
  },
  "phase_C": {
    "n_j0_clean": 99,
    "j0_delta_min": -0.010690929917580583,
    "j0_delta_max": 0.0006989514137067943,
    "j0_delta_median": -0.0024932652938094435,
    "cluster_delta_min": -0.0038265045357794847,
    "cluster_delta_max": -0.003186185361388816,
    "cluster_delta_median": -0.003727271642538277,
    "cluster_min_abs": 0.003186185361388816,
    "cluster_max_abs": 0.0038265045357794847,
    "n_j0_more_negative_than_cluster": 26,
    "n_j0_in_cluster_band": 18,
    "n_j0_closer_to_zero_than_cluster_min": 55,
    "mannwhitney_U": 3893.0,
    "mannwhitney_p": 0.0004759582997330565,
    "outliers_removed": 2
  },
  "phase_D": {
    "fam32_delta_deep": -0.0004550180966527151,
    "fam01_delta_deep": -0.00045992662192784195,
    "deep_diff": 4.908525275126863e-06,
    "pooled_stderr": 2.064252065562765e-05,
    "deep_diff_in_stderr_units": 0.2377871073506074,
    "fam32_resid_at_max_n_deep": 3.047498012165306e-05,
    "fam01_resid_at_max_n_deep": 3.079973430430982e-05,
    "deep_shrinks_fam32_delta": true,
    "fam32_same_as_fam01_deep": true,
    "D_supports_case_B": true
  },
  "verdict": "CASE_C_ambiguous",
  "verdict_details": "Mixed evidence; recommend defer absorption to v1.4 with additional deep-WKB harvest of extended j=0 cell."
}

>>> VERDICT: CASE_C_ambiguous

wrote 5 claims to claims_phase_E.jsonl
