==============================================================================
PAINLEVE-DEEP-6X aggregate (depth=3000, dps=400, h in {0.1,0.05,0.025})
==============================================================================

QL01: Delta=-3  CM=Q(sqrt(-3))  Heegner=True
  winning cell: D-QL01-A + P-III  residual=0.00839595  h=0.1
  verdict: NO_FIT  h-spread: 8.79344380127943e-06
    param[0] = -0.94483269359168  (closest rational -17/18, err 3.88e-04, match=True)
    param[1] = 3.1788870668956  (closest rational 54/17, err 2.42e-03, match=False)
    param[2] = 0.15412044906896  (closest rational 2/13, err 2.74e-04, match=True)
    param[3] = 2.8494911238731  (closest rational 57/20, err 5.09e-04, match=True)

QL02: Delta=-4  CM=Q(i)  Heegner=True
  winning cell: D-QL02-A + P-III  residual=0.000938915  h=0.1
  verdict: NO_FIT  h-spread: 1.3876457019456618e-06
    param[0] = -0.25394323365983  (closest rational -1/4, err 3.94e-03, match=False)
    param[1] = 1.7493483034457  (closest rational 7/4, err 6.52e-04, match=True)
    param[2] = 0.022610580347703  (closest rational 1/24, err 1.91e-02, match=False)
    param[3] = 1.2690055695622  (closest rational 19/15, err 2.34e-03, match=False)

QL06: Delta=-7  CM=Q(sqrt(-7))  Heegner=True
  winning cell: D-QL06-A + P-V  residual=0.000106347  h=0.025
  verdict: NO_FIT  h-spread: 0.0010564051811892924
    param[0] = 0.46116129704039  (closest rational 6/13, err 3.77e-04, match=True)
    param[1] = -0.70821471467123  (closest rational -17/24, err 1.19e-04, match=True)
    param[2] = 0.72127382222117  (closest rational 13/18, err 9.48e-04, match=True)
    param[3] = -0.43834306508308  (closest rational -7/16, err 8.43e-04, match=True)

V_quad: Delta=-11  CM=Q(sqrt(-11))  Heegner=True
  winning cell: D-V_quad-A + P-III  residual=4.58947e-5  h=0.1
  verdict: MARGINAL  h-spread: 5.677670533732703e-06
    param[0] = -0.0067289467642863  (closest rational 0/1, err 6.73e-03, match=False)
    param[1] = 0.97086424406024  (closest rational 23/24, err 1.25e-02, match=False)
    param[2] = 0.00094269025350403  (closest rational 0/1, err 9.43e-04, match=True)
    param[3] = -0.87088103679265  (closest rational -20/23, err 1.32e-03, match=False)

QL15: Delta=-20  CM=Q(sqrt(-5))  Heegner=False
  winning cell: D-QL15-A + P-III  residual=0.0187293  h=0.1
  verdict: NO_FIT  h-spread: 0.00039633341903977945
    param[0] = -0.14888593238069  (closest rational -3/20, err 1.11e-03, match=False)
    param[1] = 2.6049474241146  (closest rational 60/23, err 3.75e-03, match=False)
    param[2] = 0.021972303487795  (closest rational 1/24, err 1.97e-02, match=False)
    param[3] = 0.062473683453033  (closest rational 1/16, err 2.63e-05, match=True)

QL26: Delta=-28  CM=Q(sqrt(-7))  Heegner=False
  winning cell: D-QL26-A + P-III  residual=0.0239777  h=0.1
  verdict: NO_FIT  h-spread: 0.0005972993540893934
    param[0] = 0.08916911727018  (closest rational 1/11, err 1.74e-03, match=False)
    param[1] = 2.1226584737189  (closest rational 17/8, err 2.34e-03, match=False)
    param[2] = -0.021862402232773  (closest rational -1/24, err 1.98e-02, match=False)
    param[3] = -7.1315764358013  (closest rational -4/1, err 3.13e+00, match=False)


6-row Painleve reduction table:
| Family | Δ | CM field | Painlevé eq | Residual | h-spread | Verdict |
|--------|---|----------|-------------|----------|----------|---------|
| QL01 | -3 | Q(sqrt(-3)) | P-III | 0.00839595 | 0.00 | NO_FIT |
| QL02 | -4 | Q(i) | P-III | 0.000938915 | 0.00 | NO_FIT |
| QL06 | -7 | Q(sqrt(-7)) | P-V | 0.000106347 | 0.00 | NO_FIT |
| V_quad | -11 | Q(sqrt(-11)) | P-III | 4.58947e-5 | 0.00 | MARGINAL |
| QL15 | -20 | Q(sqrt(-5)) | P-III | 0.0187293 | 0.00 | NO_FIT |
| QL26 | -28 | Q(sqrt(-7)) | P-III | 0.0239777 | 0.00 | NO_FIT |

FLAG: V_QUAD ANOMALOUS -- the recurrence-parameter deformation does not yield a Painleve reduction for any of the six Delta<0 families at residual <= 1e-4 (V_quad MARGINAL at 4.589e-5, others NO_FIT); V_quad's known P-III(D6) reduction lives in a different (Borel-resummation) deformation channel.  Conjecture A part (iv) does NOT extend to a structural family pattern via the L(t) deformation.
