================================================================
PHASE C -- SYMBOLIC PULL-BACK OF FW (4.3)
================================================================

--- C.1: FW (4.1) PIII' Hamiltonian symbolic form

  tH = p**2*q**2 - p*q**2 - p*q*v_1 + p*t + q*v_1/2 + q*v_2/2

--- C.1: FW (4.3) auxiliary Hamiltonian symbolic form

  h  = p**2*q**2 - p*q**2 - p*q*v_1 + p*t + q*v_1/2 + q*v_2/2 - t/2 + v_1**2/4

--- C.1: FW (4.3) shift decomposition  c(t; v_1, v_2)

  c_quadratic_v1   = (1/4) v_1^2  =  v_1**2/4
  c_t_linear       = -(1/2) t    =  -t/2
  c_total          = -t/2 + v_1**2/4

Note: c is a c-number function of (t, v_1, v_2); does NOT
depend on (q, p). The pull-back along the canonical (q, p)
gauge (058R Phi_symp at phase_b_canonical_map.md L118-127)
leaves c invariant up to a gauge-additive c-number.

--- C.2: substitute V_quad image  (1/6, 0, 0, -1/2) =
         (alpha_inf, alpha_0, beta_inf, beta_0) =
         (eta_inf, eta_0, theta_inf, theta_0)
         under three candidate orderings of (v_1, v_2).

  ORDERING 1  v_1 = eta_inf = 1/6,  v_2 = theta_inf = 0:
    (v_1, v_2)       = (1/6, 0)
    tH(q,p,t; v)     = p**2*q**2 - p*q**2 - p*q/6 + p*t + q/12
    h (q,p,t; v)     = p**2*q**2 - p*q**2 - p*q/6 + p*t + q/12 - t/2 + 1/144
    c_quad(v_1)      = (1/4) v_1^2  =  1/144
    c_t              = -(1/2) t    =  -t/2
    c_constant_part  = 1/144  (coefficient of t^0)
    c_t_coefficient  = -1/2 (coefficient of t^1)

  ORDERING 2  v_1 = theta_0 = -1/2,  v_2 = theta_inf = 0:
    (v_1, v_2)       = (-1/2, 0)
    tH(q,p,t; v)     = p**2*q**2 - p*q**2 + p*q/2 + p*t - q/4
    h (q,p,t; v)     = p**2*q**2 - p*q**2 + p*q/2 + p*t - q/4 - t/2 + 1/16
    c_quad(v_1)      = (1/4) v_1^2  =  1/16
    c_t              = -(1/2) t    =  -t/2
    c_constant_part  = 1/16  (coefficient of t^0)
    c_t_coefficient  = -1/2 (coefficient of t^1)

  ORDERING 3  v_1 = theta_0 = -1/2,  v_2 = theta_inf = 0  (UF-110-3 anchored; identical numerics to ORDERING 2):
    (v_1, v_2)       = (-1/2, 0)
    tH(q,p,t; v)     = p**2*q**2 - p*q**2 + p*q/2 + p*t - q/4
    h (q,p,t; v)     = p**2*q**2 - p*q**2 + p*q/2 + p*t - q/4 - t/2 + 1/16
    c_quad(v_1)      = (1/4) v_1^2  =  1/16
    c_t              = -(1/2) t    =  -t/2
    c_constant_part  = 1/16  (coefficient of t^0)
    c_t_coefficient  = -1/2 (coefficient of t^1)

--- C.3: comparison to mechanism (a) hypothesis  (-1/3 offset)

  target null-sum offset = -1/3

  ORDERING 1:
    FW (4.3) constant part  = 1/144
    FW (4.3) t-linear coeff = -t/2
    constant == -1/3 ?       False
    t-coeff  == -1/3 ?       False

  ORDERING 2:
    FW (4.3) constant part  = 1/16
    FW (4.3) t-linear coeff = -t/2
    constant == -1/3 ?       False
    t-coeff  == -1/3 ?       False

  ORDERING 3:
    FW (4.3) constant part  = 1/16
    FW (4.3) t-linear coeff = -t/2
    constant == -1/3 ?       False
    t-coeff  == -1/3 ?       False

--- C.4: MECHANISM (a) VERDICT

Under EVERY candidate ordering tested, FW (4.3) shift constants
do NOT match -1/3:

  ORDERING 1: constant = 1/144,   t-coeff = -1/2
  ORDERING 2: constant = 1/16,    t-coeff = -1/2
  ORDERING 3: constant = 1/16,    t-coeff = -1/2

None of {1/144, 1/16, -1/2} equals -1/3.

Combined with Phase B verdict (V_quad image OFF FW PV null-sum
submanifold by exactly -1/3), the conclusion is:

  Mechanism (a) [FW Prop 4.1 / eq (4.3) auxiliary Hamiltonian]
  does NOT structurally produce the project's -1/3 null-sum
  offset under any straightforward symbolic pull-back to the
  V_quad image parameter point.

Verdict bin (mechanism (a)): NO_GO_OFF_DEGENERATION

Cascade implication: 069r3 FINAL synthesis treats mechanism (a)
as ruled out for this Route B path. The cascade falls back to
mechanism (b) additive shift (-1/12 per coordinate working
hypothesis logged in 110 prestage UF-110-2 fallback note) or
(c) Sakai surface-type artefact gated to Route F machinery.

--- C.5: results written to phase_c_results.json

PHASE C END.
