{
  "severity_counts": {
    "CRITICAL": 196,
    "HIGH": 6,
    "MEDIUM": 233,
    "LOW": 70,
    "INFO": 4
  },
  "top5_urgent": [
    [
      "F4",
      "F4-77",
      "CRITICAL",
      "bib_cite_undefined"
    ],
    [
      "F4",
      "F4-78",
      "CRITICAL",
      "bib_cite_undefined"
    ],
    [
      "F4",
      "F4-79",
      "CRITICAL",
      "bib_cite_undefined"
    ],
    [
      "F4",
      "F4-80",
      "CRITICAL",
      "bib_cite_undefined"
    ],
    [
      "F4",
      "F4-81",
      "CRITICAL",
      "bib_cite_undefined"
    ]
  ],
  "pcf2_v13_clear": "NO",
  "ct_v13_clear": "NO",
  "note_clear": "YES (no CRITICAL touching standalone-note)",
  "f2_inaccessible_partial": false
}
