==============================================================================
QL02 Stokes/Painleve probe -- Q(i) (Heegner)
==============================================================================
Base: a_n = 2 n + 1,  b_n = n^2 + 1,  Delta = -4
CM field: Q(i),  h(disc) = 1  (Heegner)
Roots of b: +/- i in Q(i)
Prior L(0) = 2.04075671620311  (baseline)

==============================================================================
Step 2 -- L(t) at 11 deformation points for D-QL02-A and D-QL02-B
==============================================================================

[D-QL02-A]
  t= -0.5  L=1.718547161734228237488275    stab=311
  t= -0.4  L=1.778790382548651614604601    stab=250
  t= -0.3  L=1.841299771077986035916257    stab=250
  t= -0.2  L=1.905900446537025008069475    stab=311
  t= -0.1  L=1.97243400101743707050041     stab=310
  t=  0.0  L=2.040756716203114520774591    stab=310
  t=  0.1  L=2.11073799225178393256477     stab=310
  t=  0.2  L=2.182258962278743111082748    stab=310
  t=  0.3  L=2.255211269174378821354694    stab=250
  t=  0.4  L=2.329495984429394763477922    stab=310
  t=  0.5  L=2.405022651244283262201973    stab=310
  L(0) vs prior: diff=8.608e-17 [DRIFT]

[D-QL02-B]
  t= -0.5  L=1.579174471475145585547811    stab=311
  t= -0.4  L=1.638385911324677395617289    stab=310
  t= -0.3  L=1.712654751879858731398184    stab=250
  t= -0.2  L=1.803532382538927080148148    stab=250
  t= -0.1  L=1.91246930342162665057371     stab=311
  t=  0.0  L=2.040756716203114520774591    stab=310
  t=  0.1  L=2.189491485690307217049102    stab=310
  t=  0.2  L=2.35956241788501058249286     stab=310
  t=  0.3  L=2.551653775819796312559921    stab=310
  t=  0.4  L=2.7662611096356174301489      stab=310
  t=  0.5  L=3.003714585451979191891726    stab=250
  L(0) vs prior: diff=8.608e-17 [DRIFT]

==============================================================================
Step 5 -- 2 x 3 residual matrix (deformation x Painleve type)
==============================================================================

[D-QL02-A]  5pt-vs-7pt L'' max diff = 2.357e-7
  P-III: validation max residual = 0.000938915    [FAIL]
        params = (-0.25394323, 1.7493483,
                  0.02261058, 1.2690056)
  P-V: validation max residual = 0.0096362      [FAIL]
        params = (-0.22927973, 0.95474072,
                  0.50737093, -0.024760831)
  P-VI: validation max residual = 0.129454       [FAIL]
        params = (0.47713217, -4.7472286,
                  0.51697399, -0.78266336)

[D-QL02-B]  5pt-vs-7pt L'' max diff = 2.597e-5
  P-III: validation max residual = 0.0606536      [FAIL]
        params = (0.53247954, -0.83556141,
                  -0.15687374, 3.0208102)
  P-V: validation max residual = 0.0482639      [FAIL]
        params = (-0.21243821, 0.88467671,
                  0.98929378, 0.39715016)
  P-VI: validation max residual = 1.62281        [FAIL]
        params = (0.31842618, -12.812965,
                  0.34642584, -9.2773743)

==============================================================================
RESIDUAL MATRIX (max validation residual, 4-fit/2-validate, 6-pt overdetermined)
==============================================================================
                         P-III             P-V            P-VI
  D-QL02-A          0.00093891       0.0096362         0.12945
  D-QL02-B            0.060654        0.048264          1.6228

BEST cell: D-QL02-A + P-III, residual 0.000938915
QL01 best (A2): 0.008396 (D2+P-III)
  -> QL02 best 8.9x BETTER than QL01

==============================================================================
Steps 3-4 -- Stokes / connection / derivative diagnostics
==============================================================================

[D-QL02-A]
  Stokes proxy S(t)=log|L(t)-L(0)|/log|t|:
    S(+0.1) = 1.155018143
    S(-0.1) = 1.165434883
    S(+0.2) = 1.214982991
    S(-0.2) = 1.244872959
    S(+0.3) = 1.278814133
    S(-0.3) = 1.339030976
  Connection-coeff proxy sigma(t)=(L(t)-L(-t))/(2t*L'(0)):
    sigma(0.1) = 0.999699464261
    sigma(0.2) = 0.998797857044
    sigma(0.3) = 0.997288892884
  Derivatives at t=0:
    L'(0)    = 0.6917278451
    L''(0)   = 0.1657583117
    L'''(0)  = -0.1247333635
    L''''(0) = 0.1173295757

[D-QL02-B]
  Stokes proxy S(t)=log|L(t)-L(0)|/log|t|:
    S(+0.1) = 0.8275874953 <-- S<1
    S(-0.1) = 0.8918159534 <-- S<1
    S(+0.2) = 0.7102935991 <-- S<1
    S(-0.2) = 0.8939450344 <-- S<1
    S(+0.3) = 0.5578092425 <-- S<1
    S(-0.3) = 0.9256279279 <-- S<1
  Connection-coeff proxy sigma(t)=(L(t)-L(-t))/(2t*L'(0)):
    sigma(0.1) = 1.00119608101
    sigma(0.2) = 1.00478432405
    sigma(0.3) = 1.01075243369
  Derivatives at t=0:
    L'(0)    = 1.383456186
    L''(0)   = 2.046469494
    L'''(0)  = 0.9928354044
    L''''(0) = -2.080588051

==============================================================================
FINAL FLAG
==============================================================================
FLAG: QL02 STOKES CONFIRMED -- S<1 detected under D-QL02-B

Wrote ql02_residuals.json
