==============================================================================
QL06 Stokes/Painleve probe -- Q(sqrt(-7)) (Heegner)
==============================================================================
Base: a_n = n,  b_n = 2 n^2 + n + 1,  Delta = -7
CM field: Q(sqrt(-7)),  h(disc) = 1  (Heegner)
Roots of b: (-1 +/- i sqrt(7))/4 in Q(sqrt(-7))
Prior L(0) = 1.23925719836294  (baseline)

==============================================================================
Step 2 -- L(t) at 11 deformation points for D-QL06-A and D-QL06-B
==============================================================================

[D-QL06-A]
  t= -0.5  L=0.7711503646592645231902788   stab=250
  t= -0.4  L=0.8641134918360776400588443   stab=311
  t= -0.3  L=0.957430513546488480780373    stab=311
  t= -0.2  L=1.051075443184599642171286    stab=250
  t= -0.1  L=1.145024775697992652789297    stab=311
  t=  0.0  L=1.239257198362935717204849    stab=250
  t=  0.1  L=1.333753341084765681592133    stab=250
  t=  0.2  L=1.428495560062321525560216    stab=311
  t=  0.3  L=1.523467749728964900408211    stab=311
  t=  0.4  L=1.618655178750382835952016    stab=250
  t=  0.5  L=1.71404434656402737401253     stab=310
  L(0) vs prior: diff=3.144e-17 [DRIFT]

[D-QL06-B]
  t= -0.5  L=0.5875250411962744644116882   stab=311
  t= -0.4  L=0.6758543381692507532583834   stab=250
  t= -0.3  L=0.7850457999891795615073332   stab=250
  t= -0.2  L=0.9152815726906594758260755   stab=311
  t= -0.1  L=1.066669036611852317784918    stab=311
  t=  0.0  L=1.239257198362935717204849    stab=250
  t=  0.1  L=1.433051455475520169928896    stab=250
  t=  0.2  L=1.648026075979001374355407    stab=310
  t=  0.3  L=1.884134256379688879264715    stab=311
  t=  0.4  L=2.141315922140846791517338    stab=310
  t=  0.5  L=2.419503577918362362441664    stab=310
  L(0) vs prior: diff=3.144e-17 [DRIFT]

==============================================================================
Step 5 -- 2 x 3 residual matrix (deformation x Painleve type)
==============================================================================

[D-QL06-A]  5pt-vs-7pt L'' max diff = 4.392e-8
  P-III: validation max residual = 0.000125306    [FAIL]
        params = (-0.015454931, 0.9674119,
                  0.0023650406, -0.78597603)
  P-V: validation max residual = 0.000106606    [FAIL]
        params = (0.46116159, -0.70821516,
                  0.72127385, -0.43834315)
  P-VI: validation max residual = 0.0204775      [FAIL]
        params = (0.49613598, -2.0562563,
                  0.02838601, 0.7704913)

[D-QL06-B]  5pt-vs-7pt L'' max diff = 2.539e-6
  P-III: validation max residual = 0.00882108     [FAIL]
        params = (0.011014311, 1.8147777,
                  -0.011533147, 1.8659627)
  P-V: validation max residual = 0.133054       [FAIL]
        params = (-0.040557648, 0.042269328,
                  1.4945819, -1.1710188)
  P-VI: validation max residual = 5.44813        [FAIL]
        params = (0.51111784, 12.06987,
                  0.024551795, 16.668949)

==============================================================================
RESIDUAL MATRIX (max validation residual, 4-fit/2-validate, 6-pt overdetermined)
==============================================================================
                         P-III             P-V            P-VI
  D-QL06-A          0.00012531      0.00010661        0.020477
  D-QL06-B           0.0088211         0.13305          5.4481

BEST cell: D-QL06-A + P-V, residual 0.000106606
QL01 best (A2): 0.008396 (D2+P-III)
  -> QL06 best 79x BETTER than QL01

==============================================================================
Steps 3-4 -- Stokes / connection / derivative diagnostics
==============================================================================

[D-QL06-A]
  Stokes proxy S(t)=log|L(t)-L(0)|/log|t|:
    S(+0.1) = 1.024585919
    S(-0.1) = 1.025799643
    S(+0.2) = 1.034366019
    S(-0.2) = 1.037844944
    S(+0.3) = 1.044907271
    S(-0.3) = 1.05190332
  Connection-coeff proxy sigma(t)=(L(t)-L(-t))/(2t*L'(0)):
    sigma(0.1) = 0.999967314005
    sigma(0.2) = 0.999869256019
    sigma(0.3) = 0.999705111822
  Derivatives at t=0:
    L'(0)    = 0.9436736718
    L''(0)   = 0.02635761991
    L'''(0)  = -0.01850694791
    L''''(0) = 0.01726293502

[D-QL06-B]
  Stokes proxy S(t)=log|L(t)-L(0)|/log|t|:
    S(+0.1) = 0.712659097 <-- S<1
    S(-0.1) = 0.7629889969 <-- S<1
    S(+0.2) = 0.5558495716 <-- S<1
    S(-0.2) = 0.7002985245 <-- S<1
    S(+0.3) = 0.3643733368 <-- S<1
    S(-0.3) = 0.6554903494 <-- S<1
  Connection-coeff proxy sigma(t)=(L(t)-L(-t))/(2t*L'(0)):
    sigma(0.1) = 0.999990749988
    sigma(0.2) = 0.999962999952
    sigma(0.3) = 0.999937254284
  Derivatives at t=0:
    L'(0)    = 1.83192904
    L''(0)   = 2.120868949
    L'''(0)  = -0.0101672195
    L''''(0) = -0.3112950221

==============================================================================
FINAL FLAG
==============================================================================
FLAG: QL06 STOKES CONFIRMED -- S<1 detected under D-QL06-B

Wrote ql06_residuals.json
