==============================================================================
QL26 Stokes/Painleve probe -- Q(sqrt(-7)) (non-Heegner)
==============================================================================
Base: a_n = -3 n + 1,  b_n = 4 n^2 - 2 n + 2,  Delta = -28
CM field: Q(sqrt(-7)),  h(disc) = 1  (non-Heegner)
Roots of b: (1 +/- i sqrt(7))/4 in Q(sqrt(-7))
Prior L(0) = 1.44999402142625  (baseline)

==============================================================================
Step 2 -- L(t) at 11 deformation points for D-QL26-A and D-QL26-B
==============================================================================

[D-QL26-A]
  t= -0.5  L=0.2329950231352999220002953   stab=311
  t= -0.4  L=0.4891822652474051360116653   stab=250
  t= -0.3  L=0.7376580484389512200726103   stab=311
  t= -0.2  L=0.9799095731344355827984785   stab=310
  t= -0.1  L=1.217064636662546151649046    stab=250
  t=  0.0  L=1.449994021426246435232674    stab=311
  t=  0.1  L=1.679380767013097765051319    stab=310
  t=  0.2  L=1.905768183214319672572673    stab=310
  t=  0.3  L=2.129593845230747005326436    stab=310
  t=  0.4  L=2.351214124256197163927784    stab=310
  t=  0.5  L=2.570922191358079160856178    stab=310
  L(0) vs prior: diff=9.741e-17 [DRIFT]

[D-QL26-B]
  t= -0.5  L=-0.1350484304579552094593941  stab=250
  t= -0.4  L=0.08805119351141303154479104  stab=311
  t= -0.3  L=0.3591094936354213376903068   stab=311
  t= -0.2  L=0.6773228466404560820749561   stab=310
  t= -0.1  L=1.041446663061470026866326    stab=310
  t=  0.0  L=1.449994021426246435232674    stab=311
  t=  0.1  L=1.901437317981026117025036    stab=311
  t=  0.2  L=2.394369878635844354568308    stab=310
  t=  0.3  L=2.927607162100805551518717    stab=310
  t=  0.4  L=3.500228596368481851708401    stab=310
  t=  0.5  L=4.111574010321668163664439    stab=250
  L(0) vs prior: diff=9.741e-17 [DRIFT]

==============================================================================
Step 5 -- 2 x 3 residual matrix (deformation x Painleve type)
==============================================================================

[D-QL26-A]  5pt-vs-7pt L'' max diff = 3.68e-5
  P-III: validation max residual = 0.0239777      [FAIL]
        params = (0.089169117, 2.1226585,
                  -0.021862402, -7.1315764)
  P-V: validation max residual = 0.024851       [FAIL]
        params = (0.61792964, -1.3015907,
                  1.1972431, -2.8586434)
  P-VI: validation max residual = 36.3115        [FAIL]
        params = (0.74050489, 113.10822,
                  0.10377947, 124.27749)

[D-QL26-B]  5pt-vs-7pt L'' max diff = 6.596e-5
  P-III: validation max residual = 0.0478529      [FAIL]
        params = (-0.049576103, 4.4074762,
                  0.019653907, -5.260661)
  P-V: validation max residual = 0.883714       [FAIL]
        params = (0.20017586, -0.42016082,
                  2.7518768, -7.2769589)
  P-VI: validation max residual = 315.351        [FAIL]
        params = (2.6928587, 217.96605,
                  0.10102892, 308.14316)

==============================================================================
RESIDUAL MATRIX (max validation residual, 4-fit/2-validate, 6-pt overdetermined)
==============================================================================
                         P-III             P-V            P-VI
  D-QL26-A            0.023978        0.024851          36.311
  D-QL26-B            0.047853         0.88371          315.35

BEST cell: D-QL26-A + P-III, residual 0.0239777
QL01 best (A2): 0.008396 (D2+P-III)
  -> QL26 best 2.9x WORSE than QL01

==============================================================================
Steps 3-4 -- Stokes / connection / derivative diagnostics
==============================================================================

[D-QL26-A]
  Stokes proxy S(t)=log|L(t)-L(0)|/log|t|:
    S(+0.1) = 0.6394316801 <-- S<1
    S(-0.1) = 0.6327757204 <-- S<1
    S(+0.2) = 0.4882188032 <-- S<1
    S(-0.2) = 0.4690102783 <-- S<1
    S(+0.3) = 0.3208138482 <-- S<1
    S(-0.3) = 0.2817385953 <-- S<1
  Connection-coeff proxy sigma(t)=(L(t)-L(-t))/(2t*L'(0)):
    sigma(0.1) = 1.00044229901
    sigma(0.2) = 1.00176919603
    sigma(0.3) = 1.00403984575
  Derivatives at t=0:
    L'(0)    = 2.310558694
    L''(0)   = -0.3530995027
    L'''(0)  = 0.6131746894
    L''''(0) = -1.397297963

[D-QL26-B]
  Stokes proxy S(t)=log|L(t)-L(0)|/log|t|:
    S(+0.1) = 0.3453967914 <-- S<1
    S(-0.1) = 0.3887575933 <-- S<1
    S(+0.2) = 0.03555964341 <-- S<1
    S(-0.2) = 0.1602433417 <-- S<1
    S(+0.3) = -0.3242831082 <-- S<1
    S(-0.3) = -0.07225151617 <-- S<1
  Connection-coeff proxy sigma(t)=(L(t)-L(-t))/(2t*L'(0)):
    sigma(0.1) = 0.99943165852
    sigma(0.2) = 0.997726634078
    sigma(0.3) = 0.994986736198
  Derivatives at t=0:
    L'(0)    = 4.302398506
    L''(0)   = 4.288586072
    L'''(0)  = -1.467138922
    L''''(0) = 1.209296638

==============================================================================
FINAL FLAG
==============================================================================
FLAG: QL26 STOKES CONFIRMED -- S<1 detected under D-QL26-A

Wrote ql26_residuals.json
