Loading T35...
V_quad zeta=2.30940107676 C=8.12733679550
Loading series...
  loaded 5001 entries in 0.56s, a_1=0.6374909222, a_5000 magnitude=2.1889e+14505
Stage-1 fit (K=25)...
  done in 707.1s, a_1=-1.47222222222222222222222222222, a_2=1.08371913580246913580246913580
  expected: a_1=-53/36=-1.47222222222222222222222222222
Cleanness step...
  done in 1.0s
  n=10: |res|/|lead| = 1.7791588e-10
  n=100: |res|/|lead| = 4.5318487e-37
  n=500: |res|/|lead| = 1.3649311e-56
  n=2000: |res|/|lead| = 2.7475815e-77
  n=5000: |res|/|lead| = 1.0447791e-98
Borel transform (eta)...
  done in 0.0s; |b_50|=7.5899057e-30, |b_100|=3.6831861e-38, |b_200|=1.3185370e-46
Pade [60,60] from M_in=200...
  done in 3.1s; 6 physical poles
    eta=1.77101970500+i*4.19943711973e-10  dist_from_2=0.22898030  |res|=36390495.
    eta=1.17760749201+i*-2.50608666449e-82  dist_from_2=0.82239251  |res|=5.3232277e-33
    eta=0.944371702204+i*-0.0293088097533  dist_from_2=1.0560351  |res|=8.7872320e+13
    eta=0.944371644116+i*0.0293083622763  dist_from_2=1.0560351  |res|=8.7872302e+13
    eta=3.49996678479+i*-0.0454894658526  dist_from_2=1.5006564  |res|=8.3024379e+14
