{
  "V_quad": {
    "c": "1.1547005383792515290182975610039149112952035025402537520372046529679553446058667",
    "zeta_star": "2.3094010767585030580365951220078298225904070050805075040744093059359106892117334",
    "a_N_max_log10_abs": 14505,
    "elapsed_sec": 8.067989826202393
  },
  "QL15": {
    "c": "1.1547005383792515290182975610039149112952035025402537520372046529679553446058667",
    "zeta_star": "2.3094010767585030580365951220078298225904070050805075040744093059359106892117334",
    "a_N_max_log10_abs": 14505,
    "elapsed_sec": 7.320325613021851
  },
  "QL05": {
    "c": "2.0",
    "zeta_star": "4.0",
    "a_N_max_log10_abs": 13311,
    "elapsed_sec": 7.237277030944824
  },
  "QL09": {
    "c": "1.414213562373095048801688724209698078569671875376948073176679737990732478462107",
    "zeta_star": "2.8284271247461900976033774484193961571393437507538961463533594759814649569242141",
    "a_N_max_log10_abs": 14064,
    "elapsed_sec": 7.149511814117432
  }
}
