
=== Phase 0 run start (2026-05-02 22:43:31) ===
DPS=400, N_MAX=5000, WORK_DPS=450
[V_quad] resume from n=0, target N=5000
[V_quad] k=  200 a_k‾10^300 t=0.3s
[V_quad] k=  400 a_k‾10^721 t=0.7s
[V_quad] k=  600 a_k‾10^1188 t=1.0s
[V_quad] k=  800 a_k‾10^1684 t=1.3s
[V_quad] k= 1000 a_k‾10^2202 t=1.7s
[V_quad] k= 1200 a_k‾10^2737 t=2.0s
[V_quad] k= 1400 a_k‾10^3287 t=2.3s
[V_quad] k= 1600 a_k‾10^3849 t=2.6s
[V_quad] k= 1800 a_k‾10^4423 t=3.0s
[V_quad] k= 2000 a_k‾10^5006 t=3.3s
[V_quad] k= 2200 a_k‾10^5597 t=3.6s
[V_quad] k= 2400 a_k‾10^6197 t=3.9s
[V_quad] k= 2600 a_k‾10^6804 t=4.3s
[V_quad] k= 2800 a_k‾10^7417 t=4.6s
[V_quad] k= 3000 a_k‾10^8037 t=4.9s
[V_quad] k= 3200 a_k‾10^8663 t=5.2s
[V_quad] k= 3400 a_k‾10^9294 t=5.5s
[V_quad] k= 3600 a_k‾10^9930 t=5.9s
[V_quad] k= 3800 a_k‾10^10571 t=6.2s
[V_quad] k= 4000 a_k‾10^11216 t=6.5s
[V_quad] k= 4200 a_k‾10^11866 t=6.8s
[V_quad] k= 4400 a_k‾10^12520 t=7.1s
[V_quad] k= 4600 a_k‾10^13178 t=7.4s
[V_quad] k= 4800 a_k‾10^13840 t=7.7s
[V_quad] k= 5000 a_k‾10^14505 t=8.1s
[V_quad] DONE in 8.1s
[QL15] resume from n=0, target N=5000
[QL15] k=  200 a_k‾10^301 t=0.3s
[QL15] k=  400 a_k‾10^722 t=0.6s
[QL15] k=  600 a_k‾10^1188 t=0.9s
[QL15] k=  800 a_k‾10^1684 t=1.2s
[QL15] k= 1000 a_k‾10^2202 t=1.5s
[QL15] k= 1200 a_k‾10^2737 t=1.8s
[QL15] k= 1400 a_k‾10^3287 t=2.1s
[QL15] k= 1600 a_k‾10^3850 t=2.3s
[QL15] k= 1800 a_k‾10^4423 t=2.6s
[QL15] k= 2000 a_k‾10^5006 t=2.9s
[QL15] k= 2200 a_k‾10^5598 t=3.2s
[QL15] k= 2400 a_k‾10^6197 t=3.5s
[QL15] k= 2600 a_k‾10^6804 t=3.8s
[QL15] k= 2800 a_k‾10^7418 t=4.1s
[QL15] k= 3000 a_k‾10^8037 t=4.4s
[QL15] k= 3200 a_k‾10^8663 t=4.7s
[QL15] k= 3400 a_k‾10^9294 t=5.0s
[QL15] k= 3600 a_k‾10^9930 t=5.2s
[QL15] k= 3800 a_k‾10^10571 t=5.5s
[QL15] k= 4000 a_k‾10^11216 t=5.8s
[QL15] k= 4200 a_k‾10^11866 t=6.1s
[QL15] k= 4400 a_k‾10^12520 t=6.4s
[QL15] k= 4600 a_k‾10^13178 t=6.7s
[QL15] k= 4800 a_k‾10^13840 t=7.0s
[QL15] k= 5000 a_k‾10^14505 t=7.3s
[QL15] DONE in 7.3s
[QL05] resume from n=0, target N=5000
[QL05] k=  200 a_k‾10^252 t=0.3s
[QL05] k=  400 a_k‾10^625 t=0.5s
[QL05] k=  600 a_k‾10^1044 t=0.8s
[QL05] k=  800 a_k‾10^1492 t=1.0s
[QL05] k= 1000 a_k‾10^1962 t=1.3s
[QL05] k= 1200 a_k‾10^2450 t=1.6s
[QL05] k= 1400 a_k‾10^2952 t=1.9s
[QL05] k= 1600 a_k‾10^3467 t=2.2s
[QL05] k= 1800 a_k‾10^3992 t=2.4s
[QL05] k= 2000 a_k‾10^4528 t=2.7s
[QL05] k= 2200 a_k‾10^5072 t=3.0s
[QL05] k= 2400 a_k‾10^5624 t=3.3s
[QL05] k= 2600 a_k‾10^6183 t=3.6s
[QL05] k= 2800 a_k‾10^6749 t=3.9s
[QL05] k= 3000 a_k‾10^7321 t=4.3s
[QL05] k= 3200 a_k‾10^7898 t=4.6s
[QL05] k= 3400 a_k‾10^8482 t=4.9s
[QL05] k= 3600 a_k‾10^9070 t=5.2s
[QL05] k= 3800 a_k‾10^9663 t=5.5s
[QL05] k= 4000 a_k‾10^10261 t=5.8s
[QL05] k= 4200 a_k‾10^10863 t=6.1s
[QL05] k= 4400 a_k‾10^11469 t=6.4s
[QL05] k= 4600 a_k‾10^12080 t=6.7s
[QL05] k= 4800 a_k‾10^12694 t=7.0s
[QL05] k= 5000 a_k‾10^13311 t=7.2s
[QL05] DONE in 7.2s
[QL09] resume from n=0, target N=5000
[QL09] k=  200 a_k‾10^283 t=0.3s
[QL09] k=  400 a_k‾10^686 t=0.5s
[QL09] k=  600 a_k‾10^1135 t=0.8s
[QL09] k=  800 a_k‾10^1613 t=1.0s
[QL09] k= 1000 a_k‾10^2113 t=1.3s
[QL09] k= 1200 a_k‾10^2631 t=1.6s
[QL09] k= 1400 a_k‾10^3164 t=1.9s
[QL09] k= 1600 a_k‾10^3708 t=2.2s
[QL09] k= 1800 a_k‾10^4264 t=2.5s
[QL09] k= 2000 a_k‾10^4829 t=2.8s
[QL09] k= 2200 a_k‾10^5403 t=3.0s
[QL09] k= 2400 a_k‾10^5985 t=3.3s
[QL09] k= 2600 a_k‾10^6575 t=3.6s
[QL09] k= 2800 a_k‾10^7171 t=3.9s
[QL09] k= 3000 a_k‾10^7773 t=4.2s
[QL09] k= 3200 a_k‾10^8381 t=4.4s
[QL09] k= 3400 a_k‾10^8994 t=4.7s
[QL09] k= 3600 a_k‾10^9613 t=5.0s
[QL09] k= 3800 a_k‾10^10236 t=5.2s
[QL09] k= 4000 a_k‾10^10864 t=5.5s
[QL09] k= 4200 a_k‾10^11496 t=5.8s
[QL09] k= 4400 a_k‾10^12132 t=6.1s
[QL09] k= 4600 a_k‾10^12773 t=6.6s
[QL09] k= 4800 a_k‾10^13417 t=6.9s
[QL09] k= 5000 a_k‾10^14064 t=7.1s
[QL09] DONE in 7.1s
=== Phase 0 run end ===
