[gate] {'ok': True, 'verdict_017c': 'T37_PARTIAL_a_1_PARTITIONS'}

=== Rep V_quad ===
[crosscheck V_quad] {"rep": "V_quad", "samples": [{"n": 1500, "s_n": "-1.47150087328509154312033446586"}, {"n": 1700, "s_n": "-1.47158562040688409610088320418"}, {"n": 1900, "s_n": "-1.47165254817272203470765547245"}], "baseline_016": -1.47165, "s_at_1900": "-1.47165254817272203470765547245", "diff": "2.548172722e-6", "rel": "1.731507303e-6", "digits_agree": 5.761575672437276}
[A.3 V_quad] T_4900 = 8.12489527525055997944600070328
[B V_quad] running 216-config grid...
  [grid] W1=(2500, 4900) -> stage1 QR at K_max=120...
  [grid] W1=(2500, 4900) stage1 QR done in 198.9s
  [grid] W1=(3000, 4900) -> stage1 QR at K_max=120...
  [grid] W1=(3000, 4900) stage1 QR done in 138.7s
  [grid] W1=(3500, 4900) -> stage1 QR at K_max=120...
  [grid] W1=(3500, 4900) stage1 QR done in 101.1s
[B V_quad] grid done in 474.4s; valid=216/216
[B.5 V_quad] aggregate: {"valid_count": 216, "total_count": 216, "C": "8.12733679549507236711257873202358318226454272233879344296278", "a_1": "-1.47222222222222222222222222222222222222222222222222222222222", "a_2": "1.08371913580246913580246913580246913580246913580246913580247", "a_3": "-2.54095578989483310470964791952446273433927754915409236396891", "a_4": "-3.95748311419594319971549052481837118325458517502413250012701"

=== Rep QL15 ===
[crosscheck QL15] {"rep": "QL15", "samples": [{"n": 1500, "s_n": "-2.47077927338453711466937905976"}, {"n": 1700, "s_n": "-2.47094885013138830913819492342"}, {"n": 1900, "s_n": "-2.47108276077957017408966201571"}], "baseline_016": -2.47108, "s_at_1900": "-2.47108276077957017408966201571", "diff": "2.76077957e-6", "rel": "1.117236014e-6", "digits_agree": 5.951855073218817}
[A.3 QL15] T_4900 = 21.3733393805563480648394098828
[B QL15] running 216-config grid...
  [grid] W1=(2500, 4900) -> stage1 QR at K_max=120...
  [grid] W1=(2500, 4900) stage1 QR done in 179.0s
  [grid] W1=(3000, 4900) -> stage1 QR at K_max=120...
  [grid] W1=(3000, 4900) stage1 QR done in 137.7s
  [grid] W1=(3500, 4900) -> stage1 QR at K_max=120...
  [grid] W1=(3500, 4900) stage1 QR done in 100.4s
[B QL15] grid done in 453.0s; valid=216/216
[B.5 QL15] aggregate: {"valid_count": 216, "total_count": 216, "C": "21.384126494635065258284384536255616629113605996603771293029", "a_1": "-2.47222222222222222222222222222222222222222222222222222222222", "a_2": "2.1670524691358024691358024691358024691358024691358024691358", "a_3": "-3.94411937014174668495656149977137631458619112940100594421582", "a_4": "0.439718389004788396077833663567545597723924198546969466036681", 

=== Rep QL05 ===
[crosscheck QL05] {"rep": "QL05", "samples": [{"n": 1500, "s_n": "7.76465468008989780700682542674"}, {"n": 1700, "s_n": "7.76293403842378083133689062094"}, {"n": 1900, "s_n": "7.76157498412698605249780099012"}], "baseline_016": 7.76157, "s_at_1900": "7.76157498412698605249780099012", "diff": "4.984126986e-6", "rel": "6.42154485e-7", "digits_agree": 6.192360479851569}
[A.3 QL05] T_4900 = 1.4055015687561230464644236418
[B QL05] running 216-config grid...
  [grid] W1=(2500, 4900) -> stage1 QR at K_max=120...
  [grid] W1=(2500, 4900) stage1 QR done in 172.5s
  [grid] W1=(3000, 4900) -> stage1 QR at K_max=120...
  [grid] W1=(3000, 4900) stage1 QR done in 132.6s
  [grid] W1=(3500, 4900) -> stage1 QR at K_max=120...
  [grid] W1=(3500, 4900) stage1 QR done in 96.9s
[B QL05] grid done in 436.5s; valid=216/216
[B.5 QL05] aggregate: {"valid_count": 216, "total_count": 216, "C": "1.40328080725296497994724250152093112017966978359392797141203", "a_1": "7.75", "a_2": "22.03125", "a_3": "-73.0755208333333333333333333333333333333333333333333333333333", "a_4": "-1149.02327473958333333333333333333333333333333333333333333333", "a_5": "-7319.90567220052083333333333333333333333333333333333333333333", "D": "325336602448632804011330122949

=== Rep QL09 ===
[crosscheck QL09] {"rep": "QL09", "samples": [{"n": 1500, "s_n": "-0.00667703695566696269400117142659"}, {"n": 1700, "s_n": "-0.00589042670964496139336309486511"}, {"n": 1900, "s_n": "-0.00526962139039800554665531774261"}], "baseline_016": -0.00527, "s_at_1900": "-0.00526962139039800554665531774261", "diff": "3.78609602e-7", "rel": "3.78609602e-7", "digits_agree": 6.421808376002198}
[A.3 QL09] T_4900 = -6.07471753250697608137001072532
[B QL09] running 216-config grid...
  [grid] W1=(2500, 4900) -> stage1 QR at K_max=120...
  [grid] W1=(2500, 4900) stage1 QR done in 166.7s
  [grid] W1=(3000, 4900) -> stage1 QR at K_max=120...
  [grid] W1=(3000, 4900) stage1 QR done in 128.7s
  [grid] W1=(3500, 4900) -> stage1 QR at K_max=120...
  [grid] W1=(3500, 4900) stage1 QR done in 94.1s
[B QL09] grid done in 423.0s; valid=216/216
[B.5 QL09] aggregate: {"valid_count": 216, "total_count": 216, "C": "-6.07472006379093506128527538224945464230395636102322709908991", "a_1": "3.56294989796522620973145483392758799058794399342306416445538e-123", "a_2": "-10.0", "a_3": "-23.3333333333333333333333333333333333333333333333333333333333", "a_4": "-4.14905144390232329981347819018310704403363127224254355160179e-108", "a_5": "410.0", "D": "-140558702163930375915
[C 4-rep] {'exclude_QL09': False, 'passes': False, 'neg_upper': '137.47669069643936663', 'pos_lower': '-139.28696328910875469', 'gap': '-276.76365398554812131', 'd_cohen': '1.496553698', 'reps': ['V_quad', 'QL15', 'QL05', 'QL09']}
[C 3-rep] {'exclude_QL09': True, 'passes': False, 'neg_upper': '137.47669069643936663', 'pos_lower': '-131.53696328910875469', 'gap': '-269.01365398554812131', 'd_cohen': '19.44444444', 'reps': ['V_quad', 'QL15', 'QL05']}
[D] feasibility: {"V_quad": {"D_median": "1879824625693860144255408451403734193.19474097735987312922082", "D_half_range": "8.82152189538861677828133657576e+253", "rel_half_range": "4.692736639e+217", "feasibility_6digit": false, "envelope_includes_zero": true}, "QL15": {"D_median": "4944814883486171091331670933858164040.08634338128793304383745", "D_half_range": "2.32045473679764310680959665978e+254", "rel_half_range": "4.692702945e+217", "feasibility_6digit": false, "envelope_includes_zero": true}, "QL05": {"D_median": "325336602448632804011330122949650058.826756740723657741439573", "D_half_range": "1.52681935885511728014563673567e+253", "rel_half_range": "4.693045133e+217", "feasibility_6digit": false, "envelope_includes_zero": true}, "QL09": {"D_median": "-1405587021639303759158252466179484510.63764745592648667865282", "D_half_range": "6.59612001332924355942239992453e+253", "rel_half_range": "4.692786652e+217", "feasibility_6digit": false, "envelope_includes_zero": true}}
[E V_quad] {'W2': (60, 200), 'K_next': 12, 'grid_min_beta2': -2.0, 'chi2_min_log10': 14.060299969579209, 'parabolic_apex': -2.0, 'parabolic_envelope_1sigma': inf}
[E QL15] {'W2': (60, 200), 'K_next': 12, 'grid_min_beta2': -2.0, 'chi2_min_log10': 14.900364908487195, 'parabolic_apex': -2.0, 'parabolic_envelope_1sigma': inf}
[E QL05] {'W2': (60, 200), 'K_next': 12, 'grid_min_beta2': -2.0, 'chi2_min_log10': 12.536735470287288, 'parabolic_apex': -2.0, 'parabolic_envelope_1sigma': inf}
[E QL09] {'W2': (60, 200), 'K_next': 12, 'grid_min_beta2': -2.0, 'chi2_min_log10': 13.80778146052661, 'parabolic_apex': -2.0, 'parabolic_envelope_1sigma': inf}

=== run end ===
verdict=T37E_PARTIAL_a_1_NULL_AT_HIGHER_PRECISION
