[23:16:16] Tail-window WKB fit for 60 Q1 quartics: dps=2000, N=[50..250], N_ref=400
[23:16:20]   fam  1: A=7.996173 +/- 8.08e-05, delta=-3.8265e-03, dt=4.2s
[23:16:24]   fam  2: A=7.996174 +/- 8.07e-05, delta=-3.8260e-03, dt=3.6s
[23:16:27]   fam  3: A=7.996174 +/- 8.07e-05, delta=-3.8255e-03, dt=3.5s
[23:16:31]   fam  4: A=7.996175 +/- 8.07e-05, delta=-3.8246e-03, dt=3.8s
[23:16:34]   fam  5: A=7.996176 +/- 8.07e-05, delta=-3.8241e-03, dt=3.4s
[23:16:38]   fam  6: A=7.996176 +/- 8.06e-05, delta=-3.8236e-03, dt=3.7s
[23:16:41]   fam  7: A=7.996194 +/- 8.01e-05, delta=-3.8064e-03, dt=3.0s
[23:16:44]   fam  8: A=7.996194 +/- 8.01e-05, delta=-3.8059e-03, dt=2.7s
[23:16:47]   fam  9: A=7.996195 +/- 8.01e-05, delta=-3.8049e-03, dt=2.9s
[23:16:49]   fam 10: A=7.996196 +/- 8.00e-05, delta=-3.8044e-03, dt=2.7s
[23:16:52]   fam 11: A=7.996196 +/- 8.00e-05, delta=-3.8039e-03, dt=2.6s
[23:16:55]   fam 12: A=7.996213 +/- 7.95e-05, delta=-3.7871e-03, dt=2.8s
[23:16:58]   fam 13: A=7.996214 +/- 7.95e-05, delta=-3.7862e-03, dt=2.9s
[23:17:01]   fam 14: A=7.996215 +/- 7.95e-05, delta=-3.7853e-03, dt=3.0s
[23:17:03]   fam 15: A=7.996215 +/- 7.94e-05, delta=-3.7848e-03, dt=2.8s
[23:17:06]   fam 16: A=7.996216 +/- 7.94e-05, delta=-3.7843e-03, dt=2.8s
[23:17:09]   fam 17: A=7.996232 +/- 7.89e-05, delta=-3.7675e-03, dt=2.8s
[23:17:12]   fam 18: A=7.996233 +/- 7.89e-05, delta=-3.7671e-03, dt=2.6s
[23:17:14]   fam 19: A=7.996234 +/- 7.88e-05, delta=-3.7656e-03, dt=2.4s
[23:17:17]   fam 20: A=7.996235 +/- 7.88e-05, delta=-3.7651e-03, dt=2.5s
[23:17:19]   fam 21: A=7.996235 +/- 7.88e-05, delta=-3.7646e-03, dt=2.8s
[23:17:22]   fam 22: A=7.996252 +/- 7.83e-05, delta=-3.7479e-03, dt=2.6s
[23:17:25]   fam 23: A=7.996253 +/- 7.83e-05, delta=-3.7474e-03, dt=2.6s
[23:17:28]   fam 24: A=7.996253 +/- 7.83e-05, delta=-3.7469e-03, dt=2.9s
[23:17:30]   fam 25: A=7.996254 +/- 7.82e-05, delta=-3.7460e-03, dt=2.9s
[23:17:33]   fam 26: A=7.996255 +/- 7.82e-05, delta=-3.7455e-03, dt=2.8s
[23:17:36]   fam 27: A=7.996255 +/- 7.82e-05, delta=-3.7450e-03, dt=2.5s
[23:17:38]   fam 28: A=7.996272 +/- 7.77e-05, delta=-3.7282e-03, dt=2.5s
[23:17:41]   fam 29: A=7.996272 +/- 7.77e-05, delta=-3.7277e-03, dt=2.8s
[23:17:44]   fam 30: A=7.996273 +/- 7.77e-05, delta=-3.7273e-03, dt=2.6s
[23:17:46]   fam 31: A=7.996274 +/- 7.76e-05, delta=-3.7258e-03, dt=2.4s
[23:17:49]   fam 32: A=7.996291 +/- 7.71e-05, delta=-3.7086e-03, dt=2.9s
[23:17:52]   fam 33: A=7.996292 +/- 7.71e-05, delta=-3.7081e-03, dt=2.6s
[23:17:54]   fam 34: A=7.996292 +/- 7.71e-05, delta=-3.7076e-03, dt=2.5s
[23:17:57]   fam 35: A=7.996293 +/- 7.70e-05, delta=-3.7066e-03, dt=2.6s
[23:17:59]   fam 36: A=7.996294 +/- 7.70e-05, delta=-3.7057e-03, dt=2.6s
[23:18:02]   fam 37: A=7.996733 +/- 6.89e-05, delta=-3.2666e-03, dt=2.8s
[23:18:05]   fam 38: A=7.996734 +/- 6.89e-05, delta=-3.2662e-03, dt=2.9s
[23:18:08]   fam 39: A=7.996735 +/- 6.88e-05, delta=-3.2648e-03, dt=2.5s
[23:18:10]   fam 40: A=7.996736 +/- 6.88e-05, delta=-3.2643e-03, dt=2.7s
[23:18:13]   fam 41: A=7.996752 +/- 6.83e-05, delta=-3.2476e-03, dt=2.5s
[23:18:15]   fam 42: A=7.996753 +/- 6.83e-05, delta=-3.2470e-03, dt=2.4s
[23:18:18]   fam 43: A=7.996753 +/- 6.83e-05, delta=-3.2466e-03, dt=2.4s
[23:18:20]   fam 44: A=7.996754 +/- 6.83e-05, delta=-3.2456e-03, dt=2.8s
[23:18:23]   fam 45: A=7.996755 +/- 6.82e-05, delta=-3.2451e-03, dt=2.5s
[23:18:26]   fam 46: A=7.996755 +/- 6.82e-05, delta=-3.2446e-03, dt=2.6s
[23:18:28]   fam 47: A=7.996773 +/- 6.77e-05, delta=-3.2274e-03, dt=2.6s
[23:18:31]   fam 48: A=7.996773 +/- 6.77e-05, delta=-3.2269e-03, dt=2.7s
[23:18:33]   fam 49: A=7.996774 +/- 6.76e-05, delta=-3.2260e-03, dt=2.5s
[23:18:36]   fam 50: A=7.996775 +/- 6.76e-05, delta=-3.2255e-03, dt=2.5s
[23:18:38]   fam 51: A=7.996775 +/- 6.76e-05, delta=-3.2250e-03, dt=2.5s
[23:18:41]   fam 52: A=7.996792 +/- 6.71e-05, delta=-3.2083e-03, dt=2.5s
[23:18:43]   fam 53: A=7.996793 +/- 6.71e-05, delta=-3.2073e-03, dt=2.2s
[23:18:45]   fam 54: A=7.996794 +/- 6.70e-05, delta=-3.2063e-03, dt=2.3s
[23:18:48]   fam 55: A=7.996794 +/- 6.70e-05, delta=-3.2058e-03, dt=2.3s
[23:18:50]   fam 56: A=7.996795 +/- 6.70e-05, delta=-3.2053e-03, dt=2.2s
[23:18:52]   fam 57: A=7.996811 +/- 6.65e-05, delta=-3.1886e-03, dt=2.3s
[23:18:54]   fam 58: A=7.996812 +/- 6.65e-05, delta=-3.1881e-03, dt=2.2s
[23:18:57]   fam 59: A=7.996813 +/- 6.64e-05, delta=-3.1867e-03, dt=2.4s
[23:18:59]   fam 60: A=7.996814 +/- 6.64e-05, delta=-3.1862e-03, dt=2.4s
[23:18:59] Total elapsed: 163.3s
[23:18:59]   wrote tail_fit_overrides.json
