{
  "task_id": "T2-EXECUTOR-115-ROUTE-F-D7-FIXED-POINT-EXTRACTION-132",
  "phase": "B numerical re-derivation",
  "anchor_function": "vquad_p3d6_recovery.py::compute_d6_to_d7_reduction_at_v_quad",
  "dps": 300,
  "inputs": {
    "eta_inf": "0.16666666666666666667",
    "eta_0": "0.0",
    "theta_inf": "0.0",
    "theta_0": "-0.5"
  },
  "outputs": {
    "alpha": "0.0",
    "beta": "0.0",
    "gamma": "0.1111111111111111111111111",
    "delta": "0.0",
    "alpha_1": "0.0",
    "s1_alpha_1": "0.0"
  },
  "expected": {
    "alpha": "0.0",
    "beta": "0.0",
    "gamma": "0.1111111111111111111111111",
    "delta": "0.0",
    "alpha_1": "0.0"
  },
  "residuals": {
    "alpha": "0.0",
    "beta": "0.0",
    "gamma": "1.16658e-302",
    "delta": "0.0",
    "alpha_1": "0.0"
  },
  "tol": "1.0e-200",
  "pass_components": {
    "alpha": true,
    "beta": true,
    "gamma": true,
    "delta": true,
    "alpha_1": true
  },
  "fixed_point_ok": true,
  "all_pass": true,
  "canonical_src_sha256": "f676264289d1fc1191947b3bca6afb2f9da8eba05d7bfca2782b090e57ebe644",
  "extracted_fn_sha256": "a79dc6ffc3f78a797949e5c5a3df0c27f502d2c3dd44a2858dde3e4543620711"
}
