[18:58:35] === T2.5d J0 CHOWLA-SELBERG CLOSURE ù runner start ===
[18:58:35] DPS=25000, N_GRID=[200, 300, 400, 500, 600, 700, 800, 900, 1000, 1100, 1200], N_REF=1320
[18:58:35] Families: [30, 31, 32, 33]
[18:58:35] PRECISION FEASIBILITY: at A=6, |L_N - L_ref| ~ exp(-6 N log N).
[18:58:35]   At N=1200: needed dps ~ 22170; using dps=25000 (safety buffer ~2830 digits).
[18:58:35]   Literal spec dps=8000+N>=1200 infeasible for A=6 cubic; we honour dps>=8000 by setting dps=25000 and document.
[18:58:35] 
[Phase A] Generating Q_n series (y_n = log|L_N - L_ref|).
[18:58:35]   Family 30 coeffs=[1, -3, 3, -3]
[18:58:35]   fam30 L_ref at N=1320 ...
[18:58:35]     L_ref done in 0.9s
[18:58:36]     N=200: y=-5164.5845 (0.2s)
[18:58:36]     N=300: y=-8473.4113 (0.2s)
[18:58:36]     N=400: y=-11986.117 (0.3s)
[18:58:36]     N=500: y=-15650.426 (0.3s)
[18:58:37]     N=600: y=-19435.549 (0.5s)
[18:58:37]     N=700: y=-23321.139 (0.4s)
[18:58:38]     N=800: y=-27292.738 (0.5s)
[18:58:38]     N=900: y=-31339.533 (0.5s)
[18:58:39]     N=1000: y=-35453.133 (0.6s)
[18:58:40]     N=1100: y=-39626.834 (0.6s)
[18:58:40]     N=1200: y=-43855.155 (0.7s)
[18:58:40]   fam30: wrote Qn_j0_dps25000_N1200_fam30.csv sha256=bce3591182909e94
[18:58:40]   Family 31 coeffs=[1, -3, 3, 1]
[18:58:40]   fam31 L_ref at N=1320 ...
[18:58:41]     L_ref done in 0.7s
[18:58:41]     N=200: y=-5168.2011 (0.1s)
[18:58:41]     N=300: y=-8477.0279 (0.2s)
[18:58:42]     N=400: y=-11989.734 (0.2s)
[18:58:42]     N=500: y=-15654.043 (0.3s)
[18:58:42]     N=600: y=-19439.165 (0.4s)
[18:58:43]     N=700: y=-23324.756 (0.4s)
[18:58:43]     N=800: y=-27296.355 (0.6s)
[18:58:44]     N=900: y=-31343.15 (0.5s)
[18:58:44]     N=1000: y=-35456.75 (0.6s)
[18:58:45]     N=1100: y=-39630.45 (0.6s)
[18:58:46]     N=1200: y=-43858.771 (0.7s)
[18:58:46]   fam31: wrote Qn_j0_dps25000_N1200_fam31.csv sha256=da520bd38845a6d3
[18:58:46]   Family 32 coeffs=[1, -3, 3, 2]
[18:58:46]   fam32 L_ref at N=1320 ...
[18:58:47]     L_ref done in 0.7s
[18:58:47]     N=200: y=-5169.7603 (0.1s)
[18:58:47]     N=300: y=-8478.5871 (0.2s)
[18:58:47]     N=400: y=-11991.293 (0.2s)
[18:58:47]     N=500: y=-15655.602 (0.3s)
[18:58:48]     N=600: y=-19440.725 (0.4s)
[18:58:48]     N=700: y=-23326.315 (0.4s)
[18:58:49]     N=800: y=-27297.914 (0.5s)
[18:58:49]     N=900: y=-31344.709 (0.6s)
[18:58:50]     N=1000: y=-35458.309 (0.6s)
[18:58:50]     N=1100: y=-39632.01 (0.7s)
[18:58:51]     N=1200: y=-43860.331 (0.7s)
[18:58:51]   fam32: wrote Qn_j0_dps25000_N1200_fam32.csv sha256=7258a42ea8b8fd0c
[18:58:51]   Family 33 coeffs=[1, -3, 3, 3]
[18:58:51]   fam33 L_ref at N=1320 ...
[18:58:52]     L_ref done in 0.9s
[18:58:52]     N=200: y=-5171.026 (0.2s)
[18:58:52]     N=300: y=-8479.8529 (0.2s)
[18:58:53]     N=400: y=-11992.559 (0.2s)
[18:58:53]     N=500: y=-15656.868 (0.3s)
[18:58:53]     N=600: y=-19441.99 (0.4s)
[18:58:54]     N=700: y=-23327.581 (0.5s)
[18:58:54]     N=800: y=-27299.18 (0.5s)
[18:58:55]     N=900: y=-31345.975 (0.5s)
[18:58:55]     N=1000: y=-35459.575 (0.6s)
[18:58:56]     N=1100: y=-39633.275 (0.6s)
[18:58:57]     N=1200: y=-43861.596 (0.7s)
[18:58:57]   fam33: wrote Qn_j0_dps25000_N1200_fam33.csv sha256=b24d512f03685990
[18:58:57] 
[Phase B] 5-param WKB fits (LIN + EXP) at dps=25000.
[18:58:58]   fam30 4param A=5.99999582588130984689082 delta=-0.0000041741186901531091
[18:58:58]   fam30 LIN    A=6.00000009866458799488594 delta=0.00000009866458799488594
[18:58:58]   fam30 EXP    A=5.99999778125197992630237 delta=-0.0000022187480200736976
[18:58:58]   fam30 A_lin - A_exp = 0.00000231741260806858357  agree=5 digits
[18:59:00]   fam31 4param A=5.99999626545429122123521 delta=-0.0000037345457087787647
[18:59:00]   fam31 LIN    A=5.99999990131228817809119 delta=-0.0000000986877118219088
[18:59:00]   fam31 EXP    A=5.99999792636412967368991 delta=-0.0000020736358703263100
[18:59:00]   fam31 A_lin - A_exp = 0.00000197494815850440128  agree=5 digits
[18:59:01]   fam32 4param A=5.99999637534750764875176 delta=-0.0000036246524923512482
[18:59:01]   fam32 LIN    A=5.99999985197425229825046 delta=-0.0000001480257477017495
[18:59:01]   fam32 EXP    A=5.99999796264217035795884 delta=-0.0000020373578296420411
[18:59:01]   fam32 A_lin - A_exp = 0.00000188933208194029162  agree=5 digits
[18:59:03]   fam33 4param A=5.99999648524071250984458 delta=-0.0000035147592874901554
[18:59:03]   fam33 LIN    A=5.99999980263623204814593 delta=-0.0000001973637679518540
[18:59:03]   fam33 EXP    A=5.99999799892021234119538 delta=-0.0000020010797876588046
[18:59:03]   fam33 A_lin - A_exp = 0.00000180371601970695054  agree=5 digits
[18:59:03] 
[Phase C] N-scaling of A_fit on tail windows.
[18:59:04]   fam30 N_max=1000 A_lin=6.000000032645118327 A_exp=5.999998830664124411
[18:59:04]   fam30 N_max=1100 A_lin=6.000000021733609623 A_exp=5.999999106104724043
[18:59:04]   fam30 N_max=1200 A_lin=6.000000019249034591 A_exp=5.999999178678497666
[18:59:06]   fam31 N_max=1000 A_lin=5.999999967350224683 A_exp=5.999998882019702259
[18:59:06]   fam31 N_max=1100 A_lin=5.999999978263696723 A_exp=5.999999140445701567
[18:59:06]   fam31 N_max=1200 A_lin=5.999999980748660380 A_exp=5.999999209092914220
[18:59:08]   fam32 N_max=1000 A_lin=5.999999951026503723 A_exp=5.999998894858596957
[18:59:08]   fam32 N_max=1100 A_lin=5.999999967396219560 A_exp=5.999999149030946051
[18:59:08]   fam32 N_max=1200 A_lin=5.999999971123567682 A_exp=5.999999216696518442
[18:59:09]   fam33 N_max=1000 A_lin=5.999999934702783743 A_exp=5.999998907697491750
[18:59:09]   fam33 N_max=1100 A_lin=5.999999956528742821 A_exp=5.999999157616190577
[18:59:09]   fam33 N_max=1200 A_lin=5.999999961498475327 A_exp=5.999999224300122697
[18:59:09] 
[Phase D] decision on PSLQ phase.
[18:59:09]   max |delta_lin| = 1.97363767952e-7
[18:59:09]   max |delta_exp| = 2.21874802007e-6
[18:59:09]   max |A_lin - A_exp| = 2.31741260807e-6
[18:59:09] 
[Phase E] verdict = AMBIGUOUS_AT_DPS8000
[18:59:09] === runner end ===
