# fam30 coeffs=[1, -3, 3, -3]
{
  "A": "5.99999778125197992630237214600327245318277257920223860903427",
  "alpha": "5.99997990058973490024354043431856019865316972305785627757358",
  "beta": "-0.00305349395231091251249990231853418452178080657859828517885311",
  "gamma": "-6.6179513454959597558916315015338412603734301095460875542291",
  "c4": "-378074.950641397922797887333747974550159135803459259799190111",
  "delta": "-0.00000221874802007369762785399672754681722742079776139096573188306",
  "resid_max": "0.00000322897599034099074657045489094"
}

# fam31 coeffs=[1, -3, 3, 1]
{
  "A": "5.99999792636412967368991184339745523944711156245502854660014",
  "alpha": "5.99998119328946696910241829123976970106311525367113554442678",
  "beta": "-0.00290074087967820316071702889347092515320798989393989682856469",
  "gamma": "-10.2338658003910984954595534497577108190725115773837290681453",
  "c4": "-321140.341727239754704381405663064471394089561560014235797735",
  "delta": "-0.00000207363587032631008815660254476055288843754497145339985693822",
  "resid_max": "0.00000291389252911775283843825247376"
}

# fam32 coeffs=[1, -3, 3, 2]
{
  "A": "5.99999796264217035795884201383634127258825004109454082817053",
  "alpha": "5.99998151646442847647410307623703956783115599302579239503652",
  "beta": "-0.00286255260869177902233134996579812770518882778086984010901674",
  "gamma": "-11.7928979263894582425096777773565701207493252145573046526213",
  "c4": "-306906.695717577626323217370604608471500240857534515587174638",
  "delta": "-0.00000203735782964204115798616365872741174995890545917182946977044",
  "resid_max": "0.00000283512165067895307387830236288"
}

# fam33 coeffs=[1, -3, 3, 3]
{
  "A": "5.99999799892021234119538802735760715990112278245659176588267",
  "alpha": "5.9999818396394013798980621385983586199174993177434258817697",
  "beta": "-0.00282436433657405717271607799159763921831657894697877231657319",
  "gamma": "-13.058453118096658189829480601229988035533409431559731092513",
  "c4": "-292673.052195465440638203025287332979885905103167595580043504",
  "delta": "-0.00000200107978765880461197264239284009887721754340823411733404826",
  "resid_max": "0.00000275635076698696332983921611283"
}

