# fam30 coeffs=[1, -3, 3, -3]
{
  "A": "6.00000009866458799488594487637283349114516075363665373119872",
  "alpha": "6.00000090633213973869627089027941078687375892897257529627672",
  "beta": "0.000162219773765600425316338573890784250146496980123005776606202",
  "gamma": "-6.60019371635916518175280779526667559468850074279684411792911",
  "c1": "-0.540264190685692046297571114549624018644854872759233600394531",
  "delta": "0.0000000986645879948859448763728334911451607536366537311987208685059",
  "resid_max": "0.0000000922224432925218783609423591472"
}

# fam31 coeffs=[1, -3, 3, 1]
{
  "A": "5.999999901312288178091199028482681421501216142266645810928",
  "alpha": "5.99999909345710471488052493459064451868862624452691797572066",
  "beta": "-0.000162253990471882315128602513188146970466606743403965021308394",
  "gamma": "-10.2187455871158147391517345374706325492165298886966692301441",
  "c1": "-0.459729349770676450799948133569848245556848179121825409372004",
  "delta": "-0.0000000986877118219088009715173185784987838577333541890719972030173",
  "resid_max": "0.0000000922509968428691100185050797751"
}

# fam32 coeffs=[1, -3, 3, 2]
{
  "A": "5.9999998519742522982504660001368492336900792333333904710231",
  "alpha": "5.99999864023869967776490277916677916966101626859327110350528",
  "beta": "-0.000243372378280682531079764696085896150270727374430057326854458",
  "gamma": "-11.7784370668003739628464635118560599165275817647415865542549",
  "c1": "-0.439595648138846593147382145173189393320560567457636946514676",
  "delta": "-0.000000148025747701749533999863150766309920766666609528976902955125",
  "resid_max": "0.000000138369289319752008586344103652"
}

# fam33 coeffs=[1, -3, 3, 3]
{
  "A": "5.99999980263623204814593378802361337116190284796355083188131",
  "alpha": "5.99999818702043612812161492582138596388623458565587719243096",
  "beta": "-0.000324490744789263738013533387992321341519750190690441929300524",
  "gamma": "-13.0446516120821021409580949816691365172899264168778815867014",
  "c1": "-0.419461949945784952519433491591302238932851783657256574407948",
  "delta": "-0.00000019736376795185406621197638662883809715203644916811869301388",
  "resid_max": "0.000000184487554773864043660041191927"
}

