This is pdfTeX, Version 3.141592653-2.6-1.40.28 (MiKTeX 25.12) (preloaded format=pdflatex.fmt)
 restricted \write18 enabled.
entering extended mode
(pcf2_program_statement.tex
LaTeX2e <2025-11-01>
L3 programming layer <2025-12-24>
(C:\Users\shkub\AppData\Local\Programs\MiKTeX\tex/latex/base\article.cls
Document Class: article 2025/01/22 v1.4n Standard LaTeX document class
(C:\Users\shkub\AppData\Local\Programs\MiKTeX\tex/latex/base\size11.clo))
(C:\Users\shkub\AppData\Local\Programs\MiKTeX\tex/latex/geometry\geometry.sty
(C:\Users\shkub\AppData\Local\Programs\MiKTeX\tex/latex/graphics\keyval.sty)
(C:\Users\shkub\AppData\Local\Programs\MiKTeX\tex/generic/iftex\ifvtex.sty
(C:\Users\shkub\AppData\Local\Programs\MiKTeX\tex/generic/iftex\iftex.sty))
(C:\Users\shkub\AppData\Local\Programs\MiKTeX\tex/latex/geometry\geometry.cfg))
(C:\Users\shkub\AppData\Local\Programs\MiKTeX\tex/latex/amsmath\amsmath.sty
For additional information on amsmath, use the `?' option.
(C:\Users\shkub\AppData\Local\Programs\MiKTeX\tex/latex/amsmath\amstext.sty
(C:\Users\shkub\AppData\Local\Programs\MiKTeX\tex/latex/amsmath\amsgen.sty))
(C:\Users\shkub\AppData\Local\Programs\MiKTeX\tex/latex/amsmath\amsbsy.sty)
(C:\Users\shkub\AppData\Local\Programs\MiKTeX\tex/latex/amsmath\amsopn.sty))
(C:\Users\shkub\AppData\Local\Programs\MiKTeX\tex/latex/amsfonts\amssymb.sty
(C:\Users\shkub\AppData\Local\Programs\MiKTeX\tex/latex/amsfonts\amsfonts.sty))
 (C:\Users\shkub\AppData\Local\Programs\MiKTeX\tex/latex/amscls\amsthm.sty)
(C:\Users\shkub\AppData\Local\Programs\MiKTeX\tex/latex/mathtools\mathtools.sty
(C:\Users\shkub\AppData\Local\Programs\MiKTeX\tex/latex/tools\calc.sty)
(C:\Users\shkub\AppData\Local\Programs\MiKTeX\tex/latex/mathtools\mhsetup.sty))
 (C:\Users\shkub\AppData\Local\Programs\MiKTeX\tex/latex/xcolor\xcolor.sty
(C:\Users\shkub\AppData\Local\Programs\MiKTeX\tex/latex/graphics-cfg\color.cfg)

(C:\Users\shkub\AppData\Local\Programs\MiKTeX\tex/latex/graphics-def\pdftex.def
)
(C:\Users\shkub\AppData\Local\Programs\MiKTeX\tex/latex/graphics\mathcolor.ltx)
) (C:\Users\shkub\AppData\Local\Programs\MiKTeX\tex/latex/graphics\dvipsnam.def
) (C:\Users\shkub\AppData\Local\Programs\MiKTeX\tex/latex/hyperref\hyperref.sty

(C:\Users\shkub\AppData\Local\Programs\MiKTeX\tex/latex/kvsetkeys\kvsetkeys.sty
)
(C:\Users\shkub\AppData\Local\Programs\MiKTeX\tex/generic/kvdefinekeys\kvdefine
keys.sty)
(C:\Users\shkub\AppData\Local\Programs\MiKTeX\tex/generic/pdfescape\pdfescape.s
ty
(C:\Users\shkub\AppData\Local\Programs\MiKTeX\tex/generic/ltxcmds\ltxcmds.sty)
(C:\Users\shkub\AppData\Local\Programs\MiKTeX\tex/generic/pdftexcmds\pdftexcmds
.sty
(C:\Users\shkub\AppData\Local\Programs\MiKTeX\tex/generic/infwarerr\infwarerr.s
ty)))
(C:\Users\shkub\AppData\Local\Programs\MiKTeX\tex/latex/hycolor\hycolor.sty)
(C:\Users\shkub\AppData\Local\Programs\MiKTeX\tex/latex/hyperref\nameref.sty
(C:\Users\shkub\AppData\Local\Programs\MiKTeX\tex/latex/refcount\refcount.sty)
(C:\Users\shkub\AppData\Local\Programs\MiKTeX\tex/generic/gettitlestring\gettit
lestring.sty
(C:\Users\shkub\AppData\Local\Programs\MiKTeX\tex/latex/kvoptions\kvoptions.sty
)))
(C:\Users\shkub\AppData\Local\Programs\MiKTeX\tex/latex/etoolbox\etoolbox.sty)
(C:\Users\shkub\AppData\Local\Programs\MiKTeX\tex/generic/stringenc\stringenc.s
ty) (C:\Users\shkub\AppData\Local\Programs\MiKTeX\tex/latex/hyperref\pd1enc.def
) (C:\Users\shkub\AppData\Local\Programs\MiKTeX\tex/generic/intcalc\intcalc.sty
) (C:\Users\shkub\AppData\Local\Programs\MiKTeX\tex/latex/hyperref\puenc.def)
(C:\Users\shkub\AppData\Local\Programs\MiKTeX\tex/latex/url\url.sty)
(C:\Users\shkub\AppData\Local\Programs\MiKTeX\tex/generic/bitset\bitset.sty
(C:\Users\shkub\AppData\Local\Programs\MiKTeX\tex/generic/bigintcalc\bigintcalc
.sty)))
(C:\Users\shkub\AppData\Local\Programs\MiKTeX\tex/latex/hyperref\hpdftex.def
(C:\Users\shkub\AppData\Local\Programs\MiKTeX\tex/latex/rerunfilecheck\rerunfil
echeck.sty
(C:\Users\shkub\AppData\Local\Programs\MiKTeX\tex/generic/uniquecounter\uniquec
ounter.sty)))
(C:\Users\shkub\AppData\Local\Programs\MiKTeX\tex/latex/booktabs\booktabs.sty)
(C:\Users\shkub\AppData\Local\Programs\MiKTeX\tex/latex/tools\array.sty)
(C:\Users\shkub\AppData\Local\Programs\MiKTeX\tex/latex/enumitem\enumitem.sty)
(C:\Users\shkub\AppData\Local\Programs\MiKTeX\tex/latex/l3backend\l3backend-pdf
tex.def) (pcf2_program_statement.aux)
*geometry* driver: auto-detecting
*geometry* detected driver: pdftex
(C:\Users\shkub\AppData\Local\Programs\MiKTeX\tex/latex/graphics\graphicx.sty
(C:\Users\shkub\AppData\Local\Programs\MiKTeX\tex/latex/graphics\graphics.sty
(C:\Users\shkub\AppData\Local\Programs\MiKTeX\tex/latex/graphics\trig.sty)
(C:\Users\shkub\AppData\Local\Programs\MiKTeX\tex/latex/graphics-cfg\graphics.c
fg)))
(C:\Users\shkub\AppData\Local\Programs\MiKTeX\tex/context/base/mkii\supp-pdf.mk
ii
[Loading MPS to PDF converter (version 2006.09.02).]
)
(C:\Users\shkub\AppData\Local\Programs\MiKTeX\tex/latex/epstopdf-pkg\epstopdf-b
ase.sty
(C:\Users\shkub\AppData\Local\Programs\MiKTeX\tex/latex/00miktex\epstopdf-sys.c
fg)) (pcf2_program_statement.out) (pcf2_program_statement.out)
(C:\Users\shkub\AppData\Local\Programs\MiKTeX\tex/latex/amsfonts\umsa.fd)
(C:\Users\shkub\AppData\Local\Programs\MiKTeX\tex/latex/amsfonts\umsb.fd)
[1{C:/Users/shkub/AppData/Local/MiKTeX/fonts/map/pdftex/pdftex.map}{C:/Users/sh
kub/AppData/Local/Programs/MiKTeX/fonts/enc/dvips/cm-super/cm-super-ts1.enc}]
Overfull \hbox (20.53246pt too wide) in paragraph at lines 119--137
\OT1/cmr/m/it/10.95 What is new in v1.3.\OT1/cmr/m/n/10.95 Section [][]4.2[][] 
is rewrit-ten as a multi-step nar-ra-tive (R1$\OMS/cmsy/m/n/10.95 !$\OT1/cmr/m/
n/10.95 R1.1$\OMS/cmsy/m/n/10.95 !$\OT1/cmr/m/n/10.95 R1.2$\OMS/cmsy/m/n/10.95 
!$\OT1/cmr/m/n/10.95 R1.3$\OMS/cmsy/m/n/10.95 !$\OT1/cmr/m/n/10.95 T2)
(pcf2_program_statement.toc [2]) [3]
Overfull \hbox (18.83643pt too wide) in paragraph at lines 232--239
\OT1/cmr/m/n/10.95 The con-ver-gents sat-isfy the Wal-lis re-cur-rence $\OML/cm
m/m/it/10.95 p[] \OT1/cmr/m/n/10.95 = \OML/cmm/m/it/10.95 b[]p[] \OT1/cmr/m/n/1
0.95 + \OML/cmm/m/it/10.95 a[]p[]$ \OT1/cmr/m/n/10.95 with the seeds $(\OML/cmm
/m/it/10.95 p[]; p[]; q[]; q[]\OT1/cmr/m/n/10.95 ) =

Overfull \hbox (13.39442pt too wide) in paragraph at lines 232--239
\OT1/cmr/m/n/10.95 ing for the fam-ily $\OML/cmm/m/it/10.95 b[]$ \OT1/cmr/m/n/1
0.95 is $[\OML/cmm/m/it/10.95 []; []; []; []\OT1/cmr/m/n/10.95 ]$ (lead-ing
 first), match-ing the PCF-1 \OT1/cmtt/m/n/10.95 f1[]base[]computation.py
[4] [5]
Overfull \hbox (1.17853pt too wide) in paragraph at lines 434--447
\OT1/cmr/m/n/10.95 (equian-har-monic CM-locus $\OML/cmm/m/it/10.95 j \OT1/cmr/m
/n/10.95 = 0$ forces $\OML/cmm/m/it/10.95 A[] \OT1/cmr/m/n/10.95 = 2\OML/cmm/m/
it/10.95 d \OT1/cmr/m/n/10.95 = 6$) and B6 (Spear-man negative-significance
[6] (../../sessions/2026-05-01/PCF2-SESSION-C1/wkb_cubic_harvest_v2.tex)
[7]
Overfull \hbox (37.55977pt too wide) in paragraph at lines 583--591
\OT1/cmr/m/n/10.95 a near-miss-class ev-i-dence arte-fact, recorded in the brid
ge as \OT1/cmtt/m/n/10.95 sessions/2026-05-01/PCF2-SESSION-C1/

Package hyperref Warning: Token not allowed in a PDF string (Unicode):
(hyperref)                removing `math shift' on input line 594.


Package hyperref Warning: Token not allowed in a PDF string (Unicode):
(hyperref)                removing `\log' on input line 594.


Package hyperref Warning: Token not allowed in a PDF string (Unicode):
(hyperref)                removing `\Delta' on input line 594.


Package hyperref Warning: Token not allowed in a PDF string (Unicode):
(hyperref)                removing `subscript' on input line 594.


Package hyperref Warning: Token not allowed in a PDF string (Unicode):
(hyperref)                removing `math shift' on input line 594.

[8]
(../../sessions/2026-05-02/PCF2-V13-RELEASE/v13_paragraph_insert_v3_fixed.tex
[9]
Overfull \hbox (134.12994pt too wide) in paragraph at lines 87--93
[][]\OT1/cmr/bx/n/10.95 Conjecture 15 \OT1/cmr/m/n/10.95 (B6, re-stricted, d=3 
only)\OT1/cmr/bx/n/10.95 . []\OT1/cmr/m/it/10.95 On the 50-family Ses-sion A cu
-bic cat-a-logue, $\OML/cmm/m/it/10.95 ^^Z[]\OT1/cmr/m/n/10.95 ([] \OMS/cmsy/m/
n/10.95 j\OML/cmm/m/it/10.95 j\OT1/cmr/m/n/10.95 ([](\OML/cmm/m/it/10.95 C[]\OT
1/cmr/m/n/10.95 ))\OMS/cmsy/m/n/10.95 j\OML/cmm/m/it/10.95 ; A[]\OT1/cmr/m/n/10
.95 (\OML/cmm/m/it/10.95 b\OT1/cmr/m/n/10.95 ) \OMS/cmsy/m/n/10.95 ^^@
) (../../sessions/2026-05-02/PCF2-V13-RELEASE/phase_B_correlation_table.tex)
Overfull \hbox (217.5808pt too wide) in paragraph at lines 684--696
\OT1/cmr/m/n/10.95 deep $\OML/cmm/m/it/10.95 ^^N$ \OT1/cmr/m/n/10.95 ground tru
th, $\OML/cmm/m/it/10.95 n \OT1/cmr/m/n/10.95 = 50$ cu-bic fam-i-lies): []

Underfull \hbox (badness 10000) in paragraph at lines 684--696

(../../sessions/2026-05-02/PCF2-V13-RELEASE/phase_E_v13_paragraph_fixed.tex
(C:\Users\shkub\AppData\Local\Programs\MiKTeX\tex/latex/amsfonts\ueuf.fd)
[10])

Package hyperref Warning: Token not allowed in a PDF string (Unicode):
(hyperref)                removing `math shift' on input line 714.


Package hyperref Warning: Token not allowed in a PDF string (Unicode):
(hyperref)                removing `math shift' on input line 714.

[11]
Overfull \hbox (43.87834pt too wide) in paragraph at lines 759--765
\OT1/cmr/m/n/10.95 partial-denominator gen-er-at-ing func-tion $\OML/cmm/m/it/1
0.95 f\OT1/cmr/m/n/10.95 (\OML/cmm/m/it/10.95 z\OT1/cmr/m/n/10.95 ) = [][] \OML
/cmm/m/it/10.95 Q[]z[]$ \OT1/cmr/m/n/10.95 sat-is-fies $\OML/cmm/m/it/10.95 L[]
 f \OT1/cmr/m/n/10.95 = ([]\OML/cmm/m/it/10.95 z[] \OMS/cmsy/m/n/10.95 ^^T

Overfull \hbox (14.35243pt too wide) in paragraph at lines 811--828
 [][] 
[12]

LaTeX Font Warning: Font shape `OT1/cmr/m/scit' undefined
(Font)              using `OT1/cmr/m/sc' instead on input line 930.


LaTeX Font Warning: Font shape `OT1/cmr/m/scit' undefined
(Font)              using `OT1/cmr/m/sc' instead on input line 944.

[13]

Package hyperref Warning: Token not allowed in a PDF string (Unicode):
(hyperref)                removing `math shift' on input line 964.


Package hyperref Warning: Token not allowed in a PDF string (Unicode):
(hyperref)                removing `subscript' on input line 964.


Package hyperref Warning: Token not allowed in a PDF string (Unicode):
(hyperref)                removing `math shift' on input line 964.


Underfull \hbox (badness 10000) in paragraph at lines 979--979
[]|\OT1/cmr/m/n/10 yes: $(2\OML/cmm/m/it/10 n \OT1/cmr/m/n/10 +

Underfull \hbox (badness 10000) in paragraph at lines 979--979
[]|$\OML/cmm/m/it/10 C[]$ \OT1/cmr/m/n/10 on

Underfull \hbox (badness 10000) in paragraph at lines 979--980
[]|\OT1/cmr/m/n/10 out-of-scope (see

Underfull \hbox (badness 10000) in paragraph at lines 980--980
[]|\OT1/cmr/m/n/10 Catalan-

Underfull \hbox (badness 5519) in paragraph at lines 980--980
[]|$\OML/cmm/m/it/10 S[]$ \OT1/cmr/m/n/10 (com-

Underfull \hbox (badness 10000) in paragraph at lines 980--981
[]|\OT1/cmr/m/n/10 A: PSLQ-null +

Underfull \hbox (badness 10000) in paragraph at lines 981--981
[]|\OT1/cmr/m/n/10 Cyclic-$\OML/cmm/m/it/10 C[]$

Overfull \hbox (61.06625pt too wide) in paragraph at lines 975--1001
 [][] 

LaTeX Warning: `h' float specifier changed to `ht'.

[14]
Underfull \hbox (badness 1655) in paragraph at lines 1130--1131
[]|\OT1/cmr/m/n/10 Run Ap^^Sery land-mark first; if

Underfull \hbox (badness 7397) in paragraph at lines 1131--1132
\OT1/cmr/m/n/10 con-stants out-side the aug-

LaTeX Warning: `h' float specifier changed to `ht'.

[15]
Overfull \hbox (9.14395pt too wide) in paragraph at lines 1193--1196
 []\OT1/cmr/bx/n/10.95 AEAL schema (v1.3 canon-i-cal form).[] \OT1/cmr/m/n/10.9
5 For un-am-bigu-ous machine-checkable cross-referencing

Overfull \hbox (84.76561pt too wide) in paragraph at lines 1204--1220
\OT1/cmr/m/n/10.95 schema drift), and the v1.3 release-level claims.jsonl in \O
T1/cmtt/m/n/10.95 sessions/2026-05-02/PCF2-V13-RELEASE/claims.jsonl
[16] [17]
Underfull \hbox (badness 3646) in paragraph at lines 1319--1325
[]\OT1/cmr/m/n/10.95 Papanokechi, \OT1/cmr/m/it/10.95 Com-plex Mul-ti-pli-ca-ti
on as a Tran-scen-dence Pred-i-cate for Degree-2

Underfull \hbox (badness 3954) in paragraph at lines 1319--1325
\OT1/cmr/m/it/10.95 Poly-no-mial Con-tin-ued Frac-tions \OT1/cmr/m/n/10.95 (P12
 / PCF-1, v1.3). Zen-odo preprint, 2026.

Underfull \hbox (badness 10000) in paragraph at lines 1365--1370
[]\OT1/cmr/m/n/10.95 Papanokechi, \OT1/cmr/m/it/10.95 AEAL: AI-Augmented Ev-i-d
ence Ag-gre-ga-tion and Log-ging ---

Underfull \hbox (badness 10000) in paragraph at lines 1365--1370
\OT1/cmr/m/it/10.95 A Multi-Agent Method-ol-ogy for Em-pir-i-cal Math-e-mat-ics
 \OT1/cmr/m/n/10.95 (P8). Zen-odo, 2026.
[18]

LaTeX Font Warning: Font shape `OT1/cmr/m/scit' undefined
(Font)              using `OT1/cmr/m/sc' instead on input line 1427.

[19] [20] [21] [22] (pcf2_program_statement.aux) )
(see the transcript file for additional information)<C:/Users/shkub/AppData/Loc
al/Programs/MiKTeX/fonts/type1/public/amsfonts/cm/cmbx10.pfb><C:/Users/shkub/Ap
pData/Local/Programs/MiKTeX/fonts/type1/public/amsfonts/cm/cmbx12.pfb><C:/Users
/shkub/AppData/Local/Programs/MiKTeX/fonts/type1/public/amsfonts/cm/cmbx8.pfb><
C:/Users/shkub/AppData/Local/Programs/MiKTeX/fonts/type1/public/amsfonts/cm/cmb
x9.pfb><C:/Users/shkub/AppData/Local/Programs/MiKTeX/fonts/type1/public/amsfont
s/cm/cmcsc10.pfb><C:/Users/shkub/AppData/Local/Programs/MiKTeX/fonts/type1/publ
ic/amsfonts/cm/cmex10.pfb><C:/Users/shkub/AppData/Local/Programs/MiKTeX/fonts/t
ype1/public/amsfonts/cm/cmitt10.pfb><C:/Users/shkub/AppData/Local/Programs/MiKT
eX/fonts/type1/public/amsfonts/cm/cmmi10.pfb><C:/Users/shkub/AppData/Local/Prog
rams/MiKTeX/fonts/type1/public/amsfonts/cm/cmmi12.pfb><C:/Users/shkub/AppData/L
ocal/Programs/MiKTeX/fonts/type1/public/amsfonts/cm/cmmi7.pfb><C:/Users/shkub/A
ppData/Local/Programs/MiKTeX/fonts/type1/public/amsfonts/cm/cmmi8.pfb><C:/Users
/shkub/AppData/Local/Programs/MiKTeX/fonts/type1/public/amsfonts/cm/cmmi9.pfb><
C:/Users/shkub/AppData/Local/Programs/MiKTeX/fonts/type1/public/amsfonts/cm/cmr
10.pfb><C:/Users/shkub/AppData/Local/Programs/MiKTeX/fonts/type1/public/amsfont
s/cm/cmr12.pfb><C:/Users/shkub/AppData/Local/Programs/MiKTeX/fonts/type1/public
/amsfonts/cm/cmr17.pfb><C:/Users/shkub/AppData/Local/Programs/MiKTeX/fonts/type
1/public/amsfonts/cm/cmr6.pfb><C:/Users/shkub/AppData/Local/Programs/MiKTeX/fon
ts/type1/public/amsfonts/cm/cmr7.pfb><C:/Users/shkub/AppData/Local/Programs/MiK
TeX/fonts/type1/public/amsfonts/cm/cmr8.pfb><C:/Users/shkub/AppData/Local/Progr
ams/MiKTeX/fonts/type1/public/amsfonts/cm/cmr9.pfb><C:/Users/shkub/AppData/Loca
l/Programs/MiKTeX/fonts/type1/public/amsfonts/cm/cmsy10.pfb><C:/Users/shkub/App
Data/Local/Programs/MiKTeX/fonts/type1/public/amsfonts/cm/cmsy7.pfb><C:/Users/s
hkub/AppData/Local/Programs/MiKTeX/fonts/type1/public/amsfonts/cm/cmsy8.pfb><C:
/Users/shkub/AppData/Local/Programs/MiKTeX/fonts/type1/public/amsfonts/cm/cmsy9
.pfb><C:/Users/shkub/AppData/Local/Programs/MiKTeX/fonts/type1/public/amsfonts/
cm/cmti10.pfb><C:/Users/shkub/AppData/Local/Programs/MiKTeX/fonts/type1/public/
amsfonts/cm/cmtt10.pfb><C:/Users/shkub/AppData/Local/Programs/MiKTeX/fonts/type
1/public/amsfonts/euler/eufm10.pfb><C:/Users/shkub/AppData/Local/Programs/MiKTe
X/fonts/type1/public/amsfonts/symbols/msam10.pfb><C:/Users/shkub/AppData/Local/
Programs/MiKTeX/fonts/type1/public/amsfonts/symbols/msbm10.pfb><C:/Users/shkub/
AppData/Local/Programs/MiKTeX/fonts/type1/public/cm-super/sfrm0600.pfb><C:/User
s/shkub/AppData/Local/Programs/MiKTeX/fonts/type1/public/cm-super/sfrm0800.pfb>
<C:/Users/shkub/AppData/Local/Programs/MiKTeX/fonts/type1/public/cm-super/sfrm1
095.pfb><C:/Users/shkub/AppData/Local/Programs/MiKTeX/fonts/type1/public/cm-sup
er/sfti1095.pfb>
Output written on pcf2_program_statement.pdf (22 pages, 558153 bytes).
Transcript written on pcf2_program_statement.log.
