\BOOKMARK [1][-]{section.1}{\376\377\0001\000.\000\040\000P\000o\000s\000i\000t\000i\000o\000n}{}% 1
\BOOKMARK [1][-]{section.2}{\376\377\0002\000.\000\040\000D\000e\000f\000i\000n\000i\000t\000i\000o\000n\000:\000\040\000a\000s\000y\000m\000p\000t\000o\000t\000i\000c\000\040\000c\000h\000a\000n\000n\000e\000l}{}% 2
\BOOKMARK [1][-]{section.3}{\376\377\0003\000.\000\040\000C\000a\000t\000a\000l\000o\000g\000u\000e\000\040\000o\000f\000\040\000c\000h\000a\000n\000n\000e\000l\000s\000\040\000i\000n\000\040\000t\000h\000e\000\040\000S\000I\000A\000R\000C\000\040\000s\000t\000a\000c\000k}{}% 3
\BOOKMARK [2][-]{subsection.3.1}{\376\377\0003\000.\0001\000.\000\040\000T\000h\000e\000\040\000r\000e\000c\000u\000r\000r\000e\000n\000c\000e\000-\000p\000a\000r\000a\000m\000e\000t\000e\000r\000\040\000c\000h\000a\000n\000n\000e\000l\000\040\000L\000\050\000t\000\051}{section.3}% 4
\BOOKMARK [2][-]{subsection.3.2}{\376\377\0003\000.\0002\000.\000\040\000T\000h\000e\000\040\000B\000o\000r\000e\000l\000-\000o\000f\000-\000t\000r\000a\000n\000s\000-\000s\000e\000r\000i\000e\000s\000\040\000c\000h\000a\000n\000n\000e\000l\000\040\000B\000o\000T}{section.3}% 5
\BOOKMARK [2][-]{subsection.3.3}{\376\377\0003\000.\0003\000.\000\040\000T\000h\000e\000\040\000c\000o\000n\000n\000e\000c\000t\000i\000o\000n\000-\000c\000o\000e\000f\000f\000i\000c\000i\000e\000n\000t\000\040\000c\000h\000a\000n\000n\000e\000l\000\040\000C\000C\000\040\000a\000n\000d\000\040\000t\000h\000r\000e\000e\000\040\000u\000n\000i\000v\000e\000r\000s\000a\000l\000i\000t\000y\000\040\000r\000e\000s\000u\000l\000t\000s}{section.3}% 6
\BOOKMARK [2][-]{subsection.3.4}{\376\377\0003\000.\0004\000.\000\040\000C\000o\000m\000p\000a\000r\000i\000s\000o\000n\000\040\000t\000a\000b\000l\000e}{section.3}% 7
\BOOKMARK [2][-]{subsection.3.5}{\376\377\0003\000.\0005\000.\000\040\000T\000h\000e\000\040\000l\000o\000c\000k\000e\000d\000\040\000W\000K\000B\000\040\000e\000x\000p\000o\000n\000e\000n\000t\000\040\000i\000d\000e\000n\000t\000i\000t\000y}{section.3}% 8
\BOOKMARK [1][-]{section.4}{\376\377\0004\000.\000\040\000T\000h\000e\000\040\000c\000h\000a\000n\000n\000e\000l\000\040\000f\000u\000n\000c\000t\000o\000r}{}% 9
\BOOKMARK [1][-]{section.5}{\376\377\0005\000.\000\040\000C\000o\000n\000j\000e\000c\000t\000u\000r\000e\000d\000\040\000n\000o\000-\000g\000o\000\040\000t\000h\000e\000o\000r\000e\000m}{}% 10
\BOOKMARK [1][-]{section.6}{\376\377\0006\000.\000\040\000B\000r\000i\000d\000g\000e\000\040\000c\000o\000n\000j\000e\000c\000t\000u\000r\000e\000\040\000\050\000r\000e\000v\000i\000s\000e\000d\000,\000\040\000v\0001\000.\0001\000\051}{}% 11
\BOOKMARK [1][-]{section.7}{\376\377\0007\000.\000\040\000R\000e\000l\000a\000t\000e\000d\000\040\000w\000o\000r\000k\000\040\000a\000n\000d\000\040\000p\000r\000i\000o\000r\000\040\000c\000h\000a\000n\000n\000e\000l\000\040\000s\000t\000r\000u\000c\000t\000u\000r\000e\000s}{}% 12
\BOOKMARK [2][-]{subsection.7.1}{\376\377\0007\000.\0001\000.\000\040\000R\000e\000s\000u\000r\000g\000e\000n\000c\000e\000\040\000a\000n\000d\000\040\000a\000l\000i\000e\000n\000\040\000c\000a\000l\000c\000u\000l\000u\000s}{section.7}% 13
\BOOKMARK [2][-]{subsection.7.2}{\376\377\0007\000.\0002\000.\000\040\000S\000t\000o\000k\000e\000s\000\040\000/\000\040\000i\000s\000o\000m\000o\000n\000o\000d\000r\000o\000m\000i\000c\000\040\000t\000h\000e\000o\000r\000y}{section.7}% 14
\BOOKMARK [2][-]{subsection.7.3}{\376\377\0007\000.\0003\000.\000\040\000H\000e\000u\000n\040\023\000P\000a\000i\000n\000l\000e\000v\000\351\000\040\000c\000o\000r\000r\000e\000s\000p\000o\000n\000d\000e\000n\000c\000e}{section.7}% 15
\BOOKMARK [2][-]{subsection.7.4}{\376\377\0007\000.\0004\000.\000\040\000A\000l\000g\000e\000b\000r\000a\000i\000c\000\040\000P\000a\000i\000n\000l\000e\000v\000\351\000\040\000m\000o\000d\000u\000l\000i}{section.7}% 16
\BOOKMARK [2][-]{subsection.7.5}{\376\377\0007\000.\0005\000.\000\040\000S\000I\000A\000R\000C\000\040\000s\000e\000s\000s\000i\000o\000n\000s\000\040\000c\000i\000t\000e\000d\000\040\000a\000t\000\040\000v\0001\000.\0001}{section.7}% 17
\BOOKMARK [1][-]{section.8}{\376\377\0008\000.\000\040\000I\000m\000p\000l\000i\000c\000a\000t\000i\000o\000n\000s\000\040\000f\000o\000r\000\040\000t\000h\000e\000\040\000M\000a\000s\000t\000e\000r\000\040\000C\000o\000n\000j\000e\000c\000t\000u\000r\000e}{}% 18
\BOOKMARK [1][-]{section.9}{\376\377\0009\000.\000\040\000O\000p\000e\000n\000\040\000p\000r\000o\000b\000l\000e\000m\000s\000\040\000a\000n\000d\000\040\000p\000r\000o\000g\000r\000a\000m}{}% 19
\BOOKMARK [1][-]{section*.28}{\376\377\000A\000c\000k\000n\000o\000w\000l\000e\000d\000g\000e\000m\000e\000n\000t\000s}{}% 20
\BOOKMARK [1][-]{section*.30}{\376\377\000R\000e\000f\000e\000r\000e\000n\000c\000e\000s}{}% 21
