Total families: 41  (R1=1, trans_hard=30, irr_482=10)

[fam T2A_R1]  a=[1, 0, -1, -1, -1]  b=[-1, 1, -1]
  dps=  500  L=-0.1012352007080496335084766  (0.1s)
  dps= 1000  L=-0.1012352007080496335084766  (0.2s)
  dps= 1500  L=-0.1012352007080496335084766  (0.4s)
  T1 (|B|=7)  hit=False  res=10^-1.0  (0.0s)
  T2 (|B|=15)  hit=False  res=10^-1.0  (0.1s)
  T3 (|B|=20)  hit=False  res=10^-1.0  (0.1s)
  T4 (|B|=24)  hit=False  res=10^-1.0  (0.2s)
  T5 (|B|=29)  hit=False  res=10^-1.0  (0.2s)
  -> NULL across all 5 tiers; computing mu_slope ...
    weak dps=500  log10|res|=-0.99  log10(max_coef)=0.00
    weak dps=1000  log10|res|=-0.99  log10(max_coef)=0.00
    weak dps=1500  log10|res|=-0.99  log10(max_coef)=0.00

[fam TH_a1_-1_-1_-1_-1_b-1_-1_-1]  a=[1, -1, -1, -1, -1]  b=[-1, -1, -1]
  dps=  500  L=-0.03491059178112083251350859  (0.1s)
  dps= 1000  L=-0.03491059178112083251350859  (0.3s)
  dps= 1500  L=-0.03491059178112083251350859  (0.5s)
  T1 (|B|=7)  hit=False  res=10^-1.5  (0.0s)
  T2 (|B|=15)  hit=False  res=10^-1.5  (0.1s)
  T3 (|B|=20)  hit=False  res=10^-1.5  (0.1s)
  T4 (|B|=24)  hit=False  res=10^-1.5  (0.3s)
  T5 (|B|=29)  hit=False  res=10^-1.5  (0.4s)
  -> NULL across all 5 tiers; computing mu_slope ...
    weak dps=500  log10|res|=-1.46  log10(max_coef)=0.00
    weak dps=1000  log10|res|=-1.46  log10(max_coef)=0.00
    weak dps=1500  log10|res|=-1.46  log10(max_coef)=0.00

[fam TH_a1_-1_-1_-1_-1_b-1_-1_0]  a=[1, -1, -1, -1, -1]  b=[-1, -1, 0]
  dps=  500  L=1.414979658720828044276474  (0.1s)
  dps= 1000  L=1.414979658720828044276474  (0.2s)
  dps= 1500  L=1.414979658720828044276474  (0.5s)
  T1 (|B|=7)  hit=False  res=10^0.2  (0.0s)
  T2 (|B|=15)  hit=False  res=10^0.2  (0.1s)
  T3 (|B|=20)  hit=False  res=10^0.2  (0.1s)
  T4 (|B|=24)  hit=False  res=10^0.2  (0.2s)
  T5 (|B|=29)  hit=False  res=10^0.2  (0.3s)
  -> NULL across all 5 tiers; computing mu_slope ...
    weak dps=500  log10|res|=0.15  log10(max_coef)=0.00
    weak dps=1000  log10|res|=0.15  log10(max_coef)=0.00
    weak dps=1500  log10|res|=0.15  log10(max_coef)=0.00

[fam TH_a1_-1_-1_-1_-1_b-1_-1_1]  a=[1, -1, -1, -1, -1]  b=[-1, -1, 1]
  dps=  500  L=3.644451641270777033821017  (0.1s)
  dps= 1000  L=3.644451641270777033821017  (0.2s)
  dps= 1500  L=3.644451641270777033821017  (0.5s)
  T1 (|B|=7)  hit=False  res=10^0.6  (0.0s)
  T2 (|B|=15)  hit=False  res=10^0.6  (0.1s)
  T3 (|B|=20)  hit=False  res=10^0.6  (0.1s)
  T4 (|B|=24)  hit=False  res=10^0.6  (0.2s)
  T5 (|B|=29)  hit=False  res=10^0.6  (0.3s)
  -> NULL across all 5 tiers; computing mu_slope ...
    weak dps=500  log10|res|=0.56  log10(max_coef)=0.00
    weak dps=1000  log10|res|=0.56  log10(max_coef)=0.00
    weak dps=1500  log10|res|=0.56  log10(max_coef)=0.00

[fam TH_a1_-1_-1_-1_-1_b-1_0_-1]  a=[1, -1, -1, -1, -1]  b=[-1, 0, -1]
  dps=  500  L=0.4067480639502395039118266  (0.1s)
  dps= 1000  L=0.4067480639502395039118266  (0.2s)
  dps= 1500  L=0.4067480639502395039118266  (0.5s)
  T1 (|B|=7)  hit=False  res=10^-0.4  (0.0s)
  T2 (|B|=15)  hit=False  res=10^-0.4  (0.1s)
  T3 (|B|=20)  hit=False  res=10^-0.4  (0.1s)
  T4 (|B|=24)  hit=False  res=10^-0.4  (0.2s)
  T5 (|B|=29)  hit=False  res=10^-0.4  (0.3s)
  -> NULL across all 5 tiers; computing mu_slope ...
    weak dps=500  log10|res|=-0.39  log10(max_coef)=0.00
    weak dps=1000  log10|res|=-0.39  log10(max_coef)=0.00
    weak dps=1500  log10|res|=-0.39  log10(max_coef)=0.00

[fam TH_a1_-1_-1_-1_-1_b-1_0_0]  a=[1, -1, -1, -1, -1]  b=[-1, 0, 0]
  dps=  500  L=2.609322465142976810593883  (0.1s)
  dps= 1000  L=2.609322465142976810593883  (0.2s)
  dps= 1500  L=2.609322465142976810593883  (0.5s)
  T1 (|B|=7)  hit=False  res=10^0.4  (0.0s)
  T2 (|B|=15)  hit=False  res=10^0.4  (0.1s)
  T3 (|B|=20)  hit=False  res=10^0.4  (0.1s)
  T4 (|B|=24)  hit=False  res=10^0.4  (0.2s)
  T5 (|B|=29)  hit=False  res=10^0.4  (0.3s)
  -> NULL across all 5 tiers; computing mu_slope ...
    weak dps=500  log10|res|=0.42  log10(max_coef)=0.00
    weak dps=1000  log10|res|=0.42  log10(max_coef)=0.00
    weak dps=1500  log10|res|=0.42  log10(max_coef)=0.00

[fam TH_a1_-1_-1_-1_-1_b-1_0_1]  a=[1, -1, -1, -1, -1]  b=[-1, 0, 1]
  dps=  500  L=18.48643594318804026618072  (0.1s)
  dps= 1000  L=18.48643594318804026618072  (0.2s)
  dps= 1500  L=18.48643594318804026618072  (0.4s)
  T1 (|B|=7)  hit=False  res=10^1.3  (0.0s)
  T2 (|B|=15)  hit=False  res=10^1.3  (0.1s)
  T3 (|B|=20)  hit=False  res=10^1.3  (0.1s)
  T4 (|B|=24)  hit=False  res=10^1.3  (0.2s)
  T5 (|B|=29)  hit=False  res=10^1.3  (0.3s)
  -> NULL across all 5 tiers; computing mu_slope ...
    weak dps=500  log10|res|=1.27  log10(max_coef)=0.00
    weak dps=1000  log10|res|=1.27  log10(max_coef)=0.00
    weak dps=1500  log10|res|=1.27  log10(max_coef)=0.00

[fam TH_a1_-1_-1_-1_-1_b-1_1_-1]  a=[1, -1, -1, -1, -1]  b=[-1, 1, -1]
  dps=  500  L=1.568922006226868895483809  (0.1s)
  dps= 1000  L=1.568922006226868895483809  (0.2s)
  dps= 1500  L=1.568922006226868895483809  (0.5s)
  T1 (|B|=7)  hit=False  res=10^0.2  (0.0s)
  T2 (|B|=15)  hit=False  res=10^0.2  (0.1s)
  T3 (|B|=20)  hit=False  res=10^0.2  (0.1s)
  T4 (|B|=24)  hit=False  res=10^0.2  (0.2s)
  T5 (|B|=29)  hit=False  res=10^0.2  (0.3s)
  -> NULL across all 5 tiers; computing mu_slope ...
    weak dps=500  log10|res|=0.20  log10(max_coef)=0.00
    weak dps=1000  log10|res|=0.20  log10(max_coef)=0.00
    weak dps=1500  log10|res|=0.20  log10(max_coef)=0.00

[fam TH_a1_-1_-1_-1_-1_b-1_1_0]  a=[1, -1, -1, -1, -1]  b=[-1, 1, 0]
  dps=  500  L=15.40968819556795901965148  (0.1s)
  dps= 1000  L=15.40968819556795901965148  (0.2s)
  dps= 1500  L=15.40968819556795901965148  (0.5s)
  T1 (|B|=7)  hit=False  res=10^1.2  (0.0s)
  T2 (|B|=15)  hit=False  res=10^1.2  (0.1s)
  T3 (|B|=20)  hit=False  res=10^1.2  (0.1s)
  T4 (|B|=24)  hit=False  res=10^1.2  (0.2s)
  T5 (|B|=29)  hit=False  res=10^1.2  (0.3s)
  -> NULL across all 5 tiers; computing mu_slope ...
    weak dps=500  log10|res|=1.19  log10(max_coef)=0.00
    weak dps=1000  log10|res|=1.19  log10(max_coef)=0.00
    weak dps=1500  log10|res|=1.19  log10(max_coef)=0.00

[fam TH_a1_-1_-1_-1_-1_b1_-1_0]  a=[1, -1, -1, -1, -1]  b=[1, -1, 0]
  dps=  500  L=-15.40968819556795901965148  (0.1s)
  dps= 1000  L=-15.40968819556795901965148  (0.2s)
  dps= 1500  L=-15.40968819556795901965148  (0.5s)
  T1 (|B|=7)  hit=False  res=10^1.2  (0.0s)
  T2 (|B|=15)  hit=False  res=10^1.2  (0.1s)
  T3 (|B|=20)  hit=False  res=10^1.2  (0.1s)
  T4 (|B|=24)  hit=False  res=10^1.2  (0.2s)
  T5 (|B|=29)  hit=False  res=10^1.2  (0.3s)
  -> NULL across all 5 tiers; computing mu_slope ...
    weak dps=500  log10|res|=1.19  log10(max_coef)=0.00
    weak dps=1000  log10|res|=1.19  log10(max_coef)=0.00
    weak dps=1500  log10|res|=1.19  log10(max_coef)=0.00

[fam TH_a1_-1_-1_-1_-1_b1_-1_1]  a=[1, -1, -1, -1, -1]  b=[1, -1, 1]
  dps=  500  L=-1.568922006226868895483809  (0.1s)
  dps= 1000  L=-1.568922006226868895483809  (0.2s)
  dps= 1500  L=-1.568922006226868895483809  (0.5s)
  T1 (|B|=7)  hit=False  res=10^0.2  (0.0s)
  T2 (|B|=15)  hit=False  res=10^0.2  (0.1s)
  T3 (|B|=20)  hit=False  res=10^0.2  (0.1s)
  T4 (|B|=24)  hit=False  res=10^0.2  (0.2s)
  T5 (|B|=29)  hit=False  res=10^0.2  (0.3s)
  -> NULL across all 5 tiers; computing mu_slope ...
    weak dps=500  log10|res|=0.20  log10(max_coef)=0.00
    weak dps=1000  log10|res|=0.20  log10(max_coef)=0.00
    weak dps=1500  log10|res|=0.20  log10(max_coef)=0.00

[fam TH_a1_-1_-1_-1_-1_b1_0_-1]  a=[1, -1, -1, -1, -1]  b=[1, 0, -1]
  dps=  500  L=-18.48643594318804026618072  (0.1s)
  dps= 1000  L=-18.48643594318804026618072  (0.2s)
  dps= 1500  L=-18.48643594318804026618072  (0.4s)
  T1 (|B|=7)  hit=False  res=10^1.3  (0.0s)
  T2 (|B|=15)  hit=False  res=10^1.3  (0.1s)
  T3 (|B|=20)  hit=False  res=10^1.3  (0.1s)
  T4 (|B|=24)  hit=False  res=10^1.3  (0.2s)
  T5 (|B|=29)  hit=False  res=10^1.3  (0.3s)
  -> NULL across all 5 tiers; computing mu_slope ...
    weak dps=500  log10|res|=1.27  log10(max_coef)=0.00
    weak dps=1000  log10|res|=1.27  log10(max_coef)=0.00
    weak dps=1500  log10|res|=1.27  log10(max_coef)=0.00

[fam TH_a1_-1_-1_-1_-1_b1_0_0]  a=[1, -1, -1, -1, -1]  b=[1, 0, 0]
  dps=  500  L=-2.609322465142976810593883  (0.1s)
  dps= 1000  L=-2.609322465142976810593883  (0.2s)
  dps= 1500  L=-2.609322465142976810593883  (0.5s)
  T1 (|B|=7)  hit=False  res=10^0.4  (0.0s)
  T2 (|B|=15)  hit=False  res=10^0.4  (0.1s)
  T3 (|B|=20)  hit=False  res=10^0.4  (0.1s)
  T4 (|B|=24)  hit=False  res=10^0.4  (0.2s)
  T5 (|B|=29)  hit=False  res=10^0.4  (0.3s)
  -> NULL across all 5 tiers; computing mu_slope ...
    weak dps=500  log10|res|=0.42  log10(max_coef)=0.00
    weak dps=1000  log10|res|=0.42  log10(max_coef)=0.00
    weak dps=1500  log10|res|=0.42  log10(max_coef)=0.00

[fam TH_a1_-1_-1_-1_-1_b1_0_1]  a=[1, -1, -1, -1, -1]  b=[1, 0, 1]
  dps=  500  L=-0.4067480639502395039118266  (0.1s)
  dps= 1000  L=-0.4067480639502395039118266  (0.2s)
  dps= 1500  L=-0.4067480639502395039118266  (0.5s)
  T1 (|B|=7)  hit=False  res=10^-0.4  (0.0s)
  T2 (|B|=15)  hit=False  res=10^-0.4  (0.1s)
  T3 (|B|=20)  hit=False  res=10^-0.4  (0.1s)
  T4 (|B|=24)  hit=False  res=10^-0.4  (0.2s)
  T5 (|B|=29)  hit=False  res=10^-0.4  (0.3s)
  -> NULL across all 5 tiers; computing mu_slope ...
    weak dps=500  log10|res|=-0.39  log10(max_coef)=0.00
    weak dps=1000  log10|res|=-0.39  log10(max_coef)=0.00
    weak dps=1500  log10|res|=-0.39  log10(max_coef)=0.00

[fam TH_a1_-1_-1_-1_-1_b1_1_-1]  a=[1, -1, -1, -1, -1]  b=[1, 1, -1]
  dps=  500  L=-3.644451641270777033821017  (0.1s)
  dps= 1000  L=-3.644451641270777033821017  (0.2s)
  dps= 1500  L=-3.644451641270777033821017  (0.6s)
  T1 (|B|=7)  hit=False  res=10^0.6  (0.0s)
  T2 (|B|=15)  hit=False  res=10^0.6  (0.1s)
  T3 (|B|=20)  hit=False  res=10^0.6  (0.1s)
  T4 (|B|=24)  hit=False  res=10^0.6  (0.2s)
  T5 (|B|=29)  hit=False  res=10^0.6  (0.3s)
  -> NULL across all 5 tiers; computing mu_slope ...
    weak dps=500  log10|res|=0.56  log10(max_coef)=0.00
    weak dps=1000  log10|res|=0.56  log10(max_coef)=0.00
    weak dps=1500  log10|res|=0.56  log10(max_coef)=0.00

[fam TH_a1_-1_-1_-1_-1_b1_1_0]  a=[1, -1, -1, -1, -1]  b=[1, 1, 0]
  dps=  500  L=-1.414979658720828044276474  (0.1s)
  dps= 1000  L=-1.414979658720828044276474  (0.2s)
  dps= 1500  L=-1.414979658720828044276474  (0.5s)
  T1 (|B|=7)  hit=False  res=10^0.2  (0.0s)
  T2 (|B|=15)  hit=False  res=10^0.2  (0.1s)
  T3 (|B|=20)  hit=False  res=10^0.2  (0.1s)
  T4 (|B|=24)  hit=False  res=10^0.2  (0.2s)
  T5 (|B|=29)  hit=False  res=10^0.2  (0.3s)
  -> NULL across all 5 tiers; computing mu_slope ...
    weak dps=500  log10|res|=0.15  log10(max_coef)=0.00
    weak dps=1000  log10|res|=0.15  log10(max_coef)=0.00
    weak dps=1500  log10|res|=0.15  log10(max_coef)=0.00

[fam TH_a1_-1_-1_-1_-1_b1_1_1]  a=[1, -1, -1, -1, -1]  b=[1, 1, 1]
  dps=  500  L=0.03491059178112083251350859  (0.1s)
  dps= 1000  L=0.03491059178112083251350859  (0.2s)
  dps= 1500  L=0.03491059178112083251350859  (0.6s)
  T1 (|B|=7)  hit=False  res=10^-1.5  (0.0s)
  T2 (|B|=15)  hit=False  res=10^-1.5  (0.1s)
  T3 (|B|=20)  hit=False  res=10^-1.5  (0.1s)
  T4 (|B|=24)  hit=False  res=10^-1.5  (0.2s)
  T5 (|B|=29)  hit=False  res=10^-1.5  (0.3s)
  -> NULL across all 5 tiers; computing mu_slope ...
    weak dps=500  log10|res|=-1.46  log10(max_coef)=0.00
    weak dps=1000  log10|res|=-1.46  log10(max_coef)=0.00
    weak dps=1500  log10|res|=-1.46  log10(max_coef)=0.00

[fam TH_a1_-1_-1_-1_0_b-1_-1_-1]  a=[1, -1, -1, -1, 0]  b=[-1, -1, -1]
  dps=  500  L=-0.3780819906820417086615623  (0.1s)
  dps= 1000  L=-0.3780819906820417086615623  (0.2s)
  dps= 1500  L=-0.3780819906820417086615623  (0.5s)
  T1 (|B|=7)  hit=False  res=10^-0.4  (0.0s)
  T2 (|B|=15)  hit=False  res=10^-0.4  (0.1s)
  T3 (|B|=20)  hit=False  res=10^-0.4  (0.2s)
  T4 (|B|=24)  hit=False  res=10^-0.4  (0.2s)
  T5 (|B|=29)  hit=False  res=10^-0.4  (0.3s)
  -> NULL across all 5 tiers; computing mu_slope ...
    weak dps=500  log10|res|=-0.42  log10(max_coef)=0.00
    weak dps=1000  log10|res|=-0.42  log10(max_coef)=0.00
    weak dps=1500  log10|res|=-0.42  log10(max_coef)=0.00

[fam TH_a1_-1_-1_-1_0_b-1_-1_0]  a=[1, -1, -1, -1, 0]  b=[-1, -1, 0]
  dps=  500  L=0.8933226985916922132783735  (0.1s)
  dps= 1000  L=0.8933226985916922132783735  (0.2s)
  dps= 1500  L=0.8933226985916922132783735  (0.5s)
  T1 (|B|=7)  hit=False  res=10^-0.0  (0.0s)
  T2 (|B|=15)  hit=False  res=10^-0.0  (0.1s)
  T3 (|B|=20)  hit=False  res=10^-0.0  (0.1s)
  T4 (|B|=24)  hit=False  res=10^-0.0  (0.2s)
  T5 (|B|=29)  hit=False  res=10^-0.0  (0.3s)
  -> NULL across all 5 tiers; computing mu_slope ...
    weak dps=500  log10|res|=-0.05  log10(max_coef)=0.00
    weak dps=1000  log10|res|=-0.05  log10(max_coef)=0.00
    weak dps=1500  log10|res|=-0.05  log10(max_coef)=0.00

[fam TH_a1_-1_-1_-1_0_b-1_-1_1]  a=[1, -1, -1, -1, 0]  b=[-1, -1, 1]
  dps=  500  L=2.578621198945919025129896  (0.1s)
  dps= 1000  L=2.578621198945919025129896  (0.2s)
  dps= 1500  L=2.578621198945919025129896  (0.5s)
  T1 (|B|=7)  hit=False  res=10^0.4  (0.0s)
  T2 (|B|=15)  hit=False  res=10^0.4  (0.1s)
  T3 (|B|=20)  hit=False  res=10^0.4  (0.1s)
  T4 (|B|=24)  hit=False  res=10^0.4  (0.2s)
  T5 (|B|=29)  hit=False  res=10^0.4  (0.3s)
  -> NULL across all 5 tiers; computing mu_slope ...
    weak dps=500  log10|res|=0.41  log10(max_coef)=0.00
    weak dps=1000  log10|res|=0.41  log10(max_coef)=0.00
    weak dps=1500  log10|res|=0.41  log10(max_coef)=0.00

[fam TH_a1_-1_-1_-1_0_b-1_0_-1]  a=[1, -1, -1, -1, 0]  b=[-1, 0, -1]
  dps=  500  L=-0.1162834447031833284819813  (0.1s)
  dps= 1000  L=-0.1162834447031833284819813  (0.3s)
  dps= 1500  L=-0.1162834447031833284819813  (0.4s)
  T1 (|B|=7)  hit=False  res=10^-0.9  (0.0s)
  T2 (|B|=15)  hit=False  res=10^-0.9  (0.1s)
  T3 (|B|=20)  hit=False  res=10^-0.9  (0.1s)
  T4 (|B|=24)  hit=False  res=10^-0.9  (0.2s)
  T5 (|B|=29)  hit=False  res=10^-0.9  (0.3s)
  -> NULL across all 5 tiers; computing mu_slope ...
    weak dps=500  log10|res|=-0.93  log10(max_coef)=0.00
    weak dps=1000  log10|res|=-0.93  log10(max_coef)=0.00
    weak dps=1500  log10|res|=-0.93  log10(max_coef)=0.00

[fam TH_a1_-1_-1_-1_0_b-1_0_0]  a=[1, -1, -1, -1, 0]  b=[-1, 0, 0]
  dps=  500  L=1.542258193888280379282306  (0.1s)
  dps= 1000  L=1.542258193888280379282306  (0.2s)
  dps= 1500  L=1.542258193888280379282306  (0.6s)
  T1 (|B|=7)  hit=False  res=10^0.2  (0.0s)
  T2 (|B|=15)  hit=False  res=10^0.2  (0.1s)
  T3 (|B|=20)  hit=False  res=10^0.2  (0.1s)
  T4 (|B|=24)  hit=False  res=10^0.2  (0.2s)
  T5 (|B|=29)  hit=False  res=10^0.2  (0.3s)
  -> NULL across all 5 tiers; computing mu_slope ...
    weak dps=500  log10|res|=0.19  log10(max_coef)=0.00
    weak dps=1000  log10|res|=0.19  log10(max_coef)=0.00
    weak dps=1500  log10|res|=0.19  log10(max_coef)=0.00

[fam TH_a1_-1_-1_-1_0_b-1_0_1]  a=[1, -1, -1, -1, 0]  b=[-1, 0, 1]
  dps=  500  L=6.891239041546296703934642  (0.1s)
  dps= 1000  L=6.891239041546296703934642  (0.2s)
  dps= 1500  L=6.891239041546296703934642  (0.4s)
  T1 (|B|=7)  hit=False  res=10^0.8  (0.0s)
  T2 (|B|=15)  hit=False  res=10^0.8  (0.1s)
  T3 (|B|=20)  hit=False  res=10^0.8  (0.1s)
  T4 (|B|=24)  hit=False  res=10^0.8  (0.2s)
  T5 (|B|=29)  hit=False  res=10^0.8  (0.3s)
  -> NULL across all 5 tiers; computing mu_slope ...
    weak dps=500  log10|res|=0.84  log10(max_coef)=0.00
    weak dps=1000  log10|res|=0.84  log10(max_coef)=0.00
    weak dps=1500  log10|res|=0.84  log10(max_coef)=0.00

[fam TH_a1_-1_-1_-1_0_b-1_1_-1]  a=[1, -1, -1, -1, 0]  b=[-1, 1, -1]
  dps=  500  L=0.5014954427377863344237147  (0.1s)
  dps= 1000  L=0.5014954427377863344237147  (0.3s)
  dps= 1500  L=0.5014954427377863344237147  (0.7s)
  T1 (|B|=7)  hit=False  res=10^-0.3  (0.0s)
  T2 (|B|=15)  hit=False  res=10^-0.3  (0.1s)
  T3 (|B|=20)  hit=False  res=10^-0.3  (0.2s)
  T4 (|B|=24)  hit=False  res=10^-0.3  (0.2s)
  T5 (|B|=29)  hit=False  res=10^-0.3  (0.3s)
  -> NULL across all 5 tiers; computing mu_slope ...
    weak dps=500  log10|res|=-0.30  log10(max_coef)=0.00
    weak dps=1000  log10|res|=-0.30  log10(max_coef)=0.00
    weak dps=1500  log10|res|=-0.30  log10(max_coef)=0.00

[fam TH_a1_-1_-1_-1_0_b-1_1_0]  a=[1, -1, -1, -1, 0]  b=[-1, 1, 0]
  dps=  500  L=5.204468374847180075070671  (0.1s)
  dps= 1000  L=5.204468374847180075070671  (0.2s)
  dps= 1500  L=5.204468374847180075070671  (0.4s)
  T1 (|B|=7)  hit=False  res=10^0.7  (0.0s)
  T2 (|B|=15)  hit=False  res=10^0.7  (0.1s)
  T3 (|B|=20)  hit=False  res=10^0.7  (0.1s)
  T4 (|B|=24)  hit=False  res=10^0.7  (0.2s)
  T5 (|B|=29)  hit=False  res=10^0.7  (0.4s)
  -> NULL across all 5 tiers; computing mu_slope ...
    weak dps=500  log10|res|=0.72  log10(max_coef)=0.00
    weak dps=1000  log10|res|=0.72  log10(max_coef)=0.00
    weak dps=1500  log10|res|=0.72  log10(max_coef)=0.00

[fam TH_a1_-1_-1_-1_0_b-1_1_1]  a=[1, -1, -1, -1, 0]  b=[-1, 1, 1]
  dps=  500  L=-2.663493482749490901930229  (0.1s)
  dps= 1000  L=-2.663493482749490901930229  (0.3s)
  dps= 1500  L=-2.663493482749490901930229  (0.6s)
  T1 (|B|=7)  hit=False  res=10^0.4  (0.0s)
  T2 (|B|=15)  hit=False  res=10^0.4  (0.1s)
  T3 (|B|=20)  hit=False  res=10^0.4  (0.1s)
  T4 (|B|=24)  hit=False  res=10^0.4  (0.2s)
  T5 (|B|=29)  hit=False  res=10^0.4  (0.4s)
  -> NULL across all 5 tiers; computing mu_slope ...
    weak dps=500  log10|res|=0.43  log10(max_coef)=0.00
    weak dps=1000  log10|res|=0.43  log10(max_coef)=0.00
    weak dps=1500  log10|res|=0.43  log10(max_coef)=0.00

[fam TH_a1_-1_-1_-1_0_b1_-1_-1]  a=[1, -1, -1, -1, 0]  b=[1, -1, -1]
  dps=  500  L=2.663493482749490901930229  (0.1s)
  dps= 1000  L=2.663493482749490901930229  (0.3s)
  dps= 1500  L=2.663493482749490901930229  (0.6s)
  T1 (|B|=7)  hit=False  res=10^0.4  (0.0s)
  T2 (|B|=15)  hit=False  res=10^0.4  (0.1s)
  T3 (|B|=20)  hit=False  res=10^0.4  (0.1s)
  T4 (|B|=24)  hit=False  res=10^0.4  (0.2s)
  T5 (|B|=29)  hit=False  res=10^0.4  (0.3s)
  -> NULL across all 5 tiers; computing mu_slope ...
    weak dps=500  log10|res|=0.43  log10(max_coef)=0.00
    weak dps=1000  log10|res|=0.43  log10(max_coef)=0.00
    weak dps=1500  log10|res|=0.43  log10(max_coef)=0.00

[fam TH_a1_-1_-1_-1_0_b1_-1_0]  a=[1, -1, -1, -1, 0]  b=[1, -1, 0]
  dps=  500  L=-5.204468374847180075070671  (0.1s)
  dps= 1000  L=-5.204468374847180075070671  (0.2s)
  dps= 1500  L=-5.204468374847180075070671  (0.5s)
  T1 (|B|=7)  hit=False  res=10^0.7  (0.0s)
  T2 (|B|=15)  hit=False  res=10^0.7  (0.1s)
  T3 (|B|=20)  hit=False  res=10^0.7  (0.1s)
  T4 (|B|=24)  hit=False  res=10^0.7  (0.2s)
  T5 (|B|=29)  hit=False  res=10^0.7  (0.3s)
  -> NULL across all 5 tiers; computing mu_slope ...
    weak dps=500  log10|res|=0.72  log10(max_coef)=0.00
    weak dps=1000  log10|res|=0.72  log10(max_coef)=0.00
    weak dps=1500  log10|res|=0.72  log10(max_coef)=0.00

[fam TH_a1_-1_-1_-1_0_b1_-1_1]  a=[1, -1, -1, -1, 0]  b=[1, -1, 1]
  dps=  500  L=-0.5014954427377863344237147  (0.1s)
  dps= 1000  L=-0.5014954427377863344237147  (0.2s)
  dps= 1500  L=-0.5014954427377863344237147  (0.5s)
  T1 (|B|=7)  hit=False  res=10^-0.3  (0.0s)
  T2 (|B|=15)  hit=False  res=10^-0.3  (0.1s)
  T3 (|B|=20)  hit=False  res=10^-0.3  (0.1s)
  T4 (|B|=24)  hit=False  res=10^-0.3  (0.2s)
  T5 (|B|=29)  hit=False  res=10^-0.3  (0.3s)
  -> NULL across all 5 tiers; computing mu_slope ...
    weak dps=500  log10|res|=-0.30  log10(max_coef)=0.00
    weak dps=1000  log10|res|=-0.30  log10(max_coef)=0.00
    weak dps=1500  log10|res|=-0.30  log10(max_coef)=0.00

[fam TH_a1_-1_-1_-1_0_b1_0_-1]  a=[1, -1, -1, -1, 0]  b=[1, 0, -1]
  dps=  500  L=-6.891239041546296703934642  (0.1s)
  dps= 1000  L=-6.891239041546296703934642  (0.3s)
  dps= 1500  L=-6.891239041546296703934642  (0.5s)
  T1 (|B|=7)  hit=False  res=10^0.8  (0.0s)
  T2 (|B|=15)  hit=False  res=10^0.8  (0.1s)
  T3 (|B|=20)  hit=False  res=10^0.8  (0.1s)
  T4 (|B|=24)  hit=False  res=10^0.8  (0.2s)
  T5 (|B|=29)  hit=False  res=10^0.8  (0.3s)
  -> NULL across all 5 tiers; computing mu_slope ...
    weak dps=500  log10|res|=0.84  log10(max_coef)=0.00
    weak dps=1000  log10|res|=0.84  log10(max_coef)=0.00
    weak dps=1500  log10|res|=0.84  log10(max_coef)=0.00

[fam TH_a1_-1_-1_-1_0_b1_0_0]  a=[1, -1, -1, -1, 0]  b=[1, 0, 0]
  dps=  500  L=-1.542258193888280379282306  (0.1s)
  dps= 1000  L=-1.542258193888280379282306  (0.2s)
  dps= 1500  L=-1.542258193888280379282306  (0.4s)
  T1 (|B|=7)  hit=False  res=10^0.2  (0.0s)
  T2 (|B|=15)  hit=False  res=10^0.2  (0.1s)
  T3 (|B|=20)  hit=False  res=10^0.2  (0.2s)
  T4 (|B|=24)  hit=False  res=10^0.2  (0.2s)
  T5 (|B|=29)  hit=False  res=10^0.2  (0.3s)
  -> NULL across all 5 tiers; computing mu_slope ...
    weak dps=500  log10|res|=0.19  log10(max_coef)=0.00
    weak dps=1000  log10|res|=0.19  log10(max_coef)=0.00
    weak dps=1500  log10|res|=0.19  log10(max_coef)=0.00

[fam IRR482_20]  a=[1]  b=[1, -3, 5]
  dps=  500  L=5.301848327550380872709415  (0.1s)
  dps= 1000  L=5.301848327550380872709415  (0.2s)
  dps= 1500  L=5.301848327550380872709415  (0.4s)
  T1 (|B|=7)  hit=False  res=10^0.7  (0.0s)
  T2 (|B|=15)  hit=False  res=10^0.7  (0.1s)
  T3 (|B|=20)  hit=False  res=10^0.7  (0.2s)
  T4 (|B|=24)  hit=False  res=10^0.7  (0.2s)
  T5 (|B|=29)  hit=False  res=10^0.7  (0.3s)
  -> NULL across all 5 tiers; computing mu_slope ...
    weak dps=500  log10|res|=0.72  log10(max_coef)=0.00
    weak dps=1000  log10|res|=0.72  log10(max_coef)=0.00
    weak dps=1500  log10|res|=0.72  log10(max_coef)=0.00

[fam IRR482_429]  a=[1]  b=[5, 5, 6]
  dps=  500  L=6.062391726593323187242444  (0.1s)
  dps= 1000  L=6.062391726593323187242444  (0.2s)
  dps= 1500  L=6.062391726593323187242444  (0.4s)
  T1 (|B|=7)  hit=False  res=10^0.8  (0.0s)
  T2 (|B|=15)  hit=False  res=10^0.8  (0.1s)
  T3 (|B|=20)  hit=False  res=10^0.8  (0.1s)
  T4 (|B|=24)  hit=False  res=10^0.8  (0.2s)
  T5 (|B|=29)  hit=False  res=10^0.8  (0.3s)
  -> NULL across all 5 tiers; computing mu_slope ...
    weak dps=500  log10|res|=0.78  log10(max_coef)=0.00
    weak dps=1000  log10|res|=0.78  log10(max_coef)=0.00
    weak dps=1500  log10|res|=0.78  log10(max_coef)=0.00

[fam IRR482_139]  a=[1]  b=[2, 2, 4]
  dps=  500  L=4.12403314743896496528613  (0.1s)
  dps= 1000  L=4.12403314743896496528613  (0.2s)
  dps= 1500  L=4.12403314743896496528613  (0.4s)
  T1 (|B|=7)  hit=False  res=10^0.6  (0.0s)
  T2 (|B|=15)  hit=False  res=10^0.6  (0.1s)
  T3 (|B|=20)  hit=False  res=10^0.6  (0.1s)
  T4 (|B|=24)  hit=False  res=10^0.6  (0.2s)
  T5 (|B|=29)  hit=False  res=10^0.6  (0.3s)
  -> NULL across all 5 tiers; computing mu_slope ...
    weak dps=500  log10|res|=0.62  log10(max_coef)=0.00
    weak dps=1000  log10|res|=0.62  log10(max_coef)=0.00
    weak dps=1500  log10|res|=0.62  log10(max_coef)=0.00

[fam IRR482_126]  a=[1]  b=[2, 0, 5]
  dps=  500  L=5.141309461747784627024979  (0.1s)
  dps= 1000  L=5.141309461747784627024979  (0.2s)
  dps= 1500  L=5.141309461747784627024979  (0.4s)
  T1 (|B|=7)  hit=False  res=10^0.7  (0.0s)
  T2 (|B|=15)  hit=False  res=10^0.7  (0.1s)
  T3 (|B|=20)  hit=False  res=10^0.7  (0.1s)
  T4 (|B|=24)  hit=False  res=10^0.7  (0.2s)
  T5 (|B|=29)  hit=False  res=10^0.7  (0.3s)
  -> NULL across all 5 tiers; computing mu_slope ...
    weak dps=500  log10|res|=0.71  log10(max_coef)=0.00
    weak dps=1000  log10|res|=0.71  log10(max_coef)=0.00
    weak dps=1500  log10|res|=0.71  log10(max_coef)=0.00

[fam IRR482_452]  a=[1]  b=[6, -4, 1]
  dps=  500  L=1.326931663460551308028064  (0.0s)
  dps= 1000  L=1.326931663460551308028064  (0.2s)
  dps= 1500  L=1.326931663460551308028064  (0.4s)
  T1 (|B|=7)  hit=False  res=10^0.1  (0.0s)
  T2 (|B|=15)  hit=False  res=10^0.1  (0.1s)
  T3 (|B|=20)  hit=False  res=10^0.1  (0.2s)
  T4 (|B|=24)  hit=False  res=10^0.1  (0.2s)
  T5 (|B|=29)  hit=False  res=10^0.1  (0.3s)
  -> NULL across all 5 tiers; computing mu_slope ...
    weak dps=500  log10|res|=0.12  log10(max_coef)=0.00
    weak dps=1000  log10|res|=0.12  log10(max_coef)=0.00
    weak dps=1500  log10|res|=0.12  log10(max_coef)=0.00

[fam IRR482_279]  a=[1]  b=[4, -3, 2]
  dps=  500  L=2.324349426397854119800522  (0.1s)
  dps= 1000  L=2.324349426397854119800522  (0.2s)
  dps= 1500  L=2.324349426397854119800522  (0.4s)
  T1 (|B|=7)  hit=False  res=10^0.4  (0.0s)
  T2 (|B|=15)  hit=False  res=10^0.4  (0.1s)
  T3 (|B|=20)  hit=False  res=10^0.4  (0.1s)
  T4 (|B|=24)  hit=False  res=10^0.4  (0.2s)
  T5 (|B|=29)  hit=False  res=10^0.4  (0.3s)
  -> NULL across all 5 tiers; computing mu_slope ...
    weak dps=500  log10|res|=0.37  log10(max_coef)=0.00
    weak dps=1000  log10|res|=0.37  log10(max_coef)=0.00
    weak dps=1500  log10|res|=0.37  log10(max_coef)=0.00

[fam IRR482_58]  a=[1]  b=[1, 3, 2]
  dps=  500  L=2.16439289039429363133525  (0.1s)
  dps= 1000  L=2.16439289039429363133525  (0.2s)
  dps= 1500  L=2.16439289039429363133525  (0.4s)
  T1 (|B|=7)  hit=False  res=10^0.3  (0.0s)
  T2 (|B|=15)  hit=False  res=10^0.3  (0.1s)
  T3 (|B|=20)  hit=False  res=10^0.3  (0.1s)
  T4 (|B|=24)  hit=False  res=10^0.3  (0.2s)
  T5 (|B|=29)  hit=False  res=10^0.3  (0.3s)
  -> NULL across all 5 tiers; computing mu_slope ...
    weak dps=500  log10|res|=0.34  log10(max_coef)=0.00
    weak dps=1000  log10|res|=0.34  log10(max_coef)=0.00
    weak dps=1500  log10|res|=0.34  log10(max_coef)=0.00

[fam IRR482_477]  a=[1]  b=[6, -1, 5]
  dps=  500  L=5.099631239254662467851793  (0.1s)
  dps= 1000  L=5.099631239254662467851793  (0.2s)
  dps= 1500  L=5.099631239254662467851793  (0.4s)
  T1 (|B|=7)  hit=False  res=10^0.7  (0.0s)
  T2 (|B|=15)  hit=False  res=10^0.7  (0.1s)
  T3 (|B|=20)  hit=False  res=10^0.7  (0.1s)
  T4 (|B|=24)  hit=False  res=10^0.7  (0.2s)
  T5 (|B|=29)  hit=False  res=10^0.7  (0.3s)
  -> NULL across all 5 tiers; computing mu_slope ...
    weak dps=500  log10|res|=0.71  log10(max_coef)=0.00
    weak dps=1000  log10|res|=0.71  log10(max_coef)=0.00
    weak dps=1500  log10|res|=0.71  log10(max_coef)=0.00

[fam IRR482_277]  a=[1]  b=[4, -4, 7]
  dps=  500  L=7.141512297140306077848214  (0.1s)
  dps= 1000  L=7.141512297140306077848214  (0.2s)
  dps= 1500  L=7.141512297140306077848214  (0.4s)
  T1 (|B|=7)  hit=False  res=10^0.9  (0.0s)
  T2 (|B|=15)  hit=False  res=10^0.9  (0.1s)
  T3 (|B|=20)  hit=False  res=10^0.9  (0.1s)
  T4 (|B|=24)  hit=False  res=10^0.9  (0.1s)
  T5 (|B|=29)  hit=False  res=10^0.9  (0.2s)
  -> NULL across all 5 tiers; computing mu_slope ...
    weak dps=500  log10|res|=0.85  log10(max_coef)=0.00
    weak dps=1000  log10|res|=0.85  log10(max_coef)=0.00
    weak dps=1500  log10|res|=0.85  log10(max_coef)=0.00

[fam IRR482_113]  a=[1]  b=[2, -2, 6]
  dps=  500  L=6.163949248083375398754044  (0.0s)
  dps= 1000  L=6.163949248083375398754044  (0.1s)
  dps= 1500  L=6.163949248083375398754044  (0.3s)
  T1 (|B|=7)  hit=False  res=10^0.8  (0.0s)
  T2 (|B|=15)  hit=False  res=10^0.8  (0.1s)
  T3 (|B|=20)  hit=False  res=10^0.8  (0.1s)
  T4 (|B|=24)  hit=False  res=10^0.8  (0.1s)
  T5 (|B|=29)  hit=False  res=10^0.8  (0.2s)
  -> NULL across all 5 tiers; computing mu_slope ...
    weak dps=500  log10|res|=0.79  log10(max_coef)=0.00
    weak dps=1000  log10|res|=0.79  log10(max_coef)=0.00
    weak dps=1500  log10|res|=0.79  log10(max_coef)=0.00

=== SUMMARY ===
Total families processed   : 41
All-NULL across 5 tiers    : 41
Mobius-demoted (1/L hits)  : 0
Algebraic-demoted (deg<=4) : 0
Surviving T3 candidates    : 41
Top-5 written to           : t3_candidates.json
Full results               : t3_probe_full.json
Elapsed                    : 171.0s
sha256(t3_probe_full.json) = d1c4728a7f756778bdbc7e15848cb1a5a1610b298d54b7f6ea58dd165511ef35
